<?xml version="1.0" encoding="UTF-8"?>
<!-- Generated by org.testng.reporters.JUnitXMLReporter -->
<testsuite ignored="0" hostname="OTX-7QZZW33" failures="0" tests="17" name="Surefire test" time="164.46" errors="0" timestamp="2024-09-23T09:43:36 BST">
  <testcase classname="com.hpe.caf.worker.queue.sqs.cloudwatch.CloudwatchMetricsIT" name="testMetricsShowReceivedAndDeleted" time="4.516"/>
  <testcase classname="com.hpe.caf.worker.queue.sqs.DistributorIT" name="testRedistributeMessagesInMultipleBatches" time="20.5"/>
  <testcase classname="com.hpe.caf.worker.queue.sqs.DistributorIT" name="testRedistributeMessagesInSingleBatch" time="20.115"/>
  <testcase classname="com.hpe.caf.worker.queue.sqs.DistributorIT" name="testRedistributeMessagesWhenNoneExistDoesNotThrowError" time="20.046"/>
  <testcase classname="com.hpe.caf.worker.queue.sqs.SQSWorkerQueueIT" name="testAcknowledgePublishDelete" time="10.13"/>
  <testcase classname="com.hpe.caf.worker.queue.sqs.SQSWorkerQueueIT" name="testAllAttributesAreCopiedToHeadersOnReceipt" time="0.082"/>
  <testcase classname="com.hpe.caf.worker.queue.sqs.SQSWorkerQueueIT" name="testDisconnectReconnectIncomingMessages" time="15.094"/>
  <testcase classname="com.hpe.caf.worker.queue.sqs.SQSWorkerQueueIT" name="testInputQueueIsCreated" time="0.062"/>
  <testcase classname="com.hpe.caf.worker.queue.sqs.SQSWorkerQueueIT" name="testInvalidTaskException" time="0.098"/>
  <testcase classname="com.hpe.caf.worker.queue.sqs.SQSWorkerQueueIT" name="testLivenessCheck" time="0.089"/>
  <testcase classname="com.hpe.caf.worker.queue.sqs.SQSWorkerQueueIT" name="testMaxInflightMessages" time="20.153"/>
  <testcase classname="com.hpe.caf.worker.queue.sqs.SQSWorkerQueueIT" name="testPublishAcknowledgeDelete" time="10.115"/>
  <testcase classname="com.hpe.caf.worker.queue.sqs.SQSWorkerQueueIT" name="testTaskRejectedException" time="5.082"/>
  <testcase classname="com.hpe.caf.worker.queue.sqs.VisibilityIT" name="testAttemptToChangeVisibilityWithInvalidReceiptHandleDoesNotCrashProcess" time="0.09"/>
  <testcase classname="com.hpe.caf.worker.queue.sqs.VisibilityIT" name="testExtendingMultipleMessages" time="17.088"/>
  <testcase classname="com.hpe.caf.worker.queue.sqs.VisibilityIT" name="testExtensionForSingleMessages" time="10.058"/>
  <testcase classname="com.hpe.caf.worker.queue.sqs.VisibilityIT" name="testVisibilityTimeoutExtensionIsCancelled" time="11.059"/>
</testsuite> <!-- Surefire test -->
