<?xml version="1.0" encoding="UTF-8"?>
<testsuite xmlns:xsi="http://www.w3.org/2001/XMLSchema-instance" xsi:noNamespaceSchemaLocation="https://maven.apache.org/surefire/maven-failsafe-plugin/xsd/failsafe-test-report-3.0.xsd" version="3.0" name="TestSuite" time="172.645" tests="17" errors="0" skipped="0" failures="0">
  <properties>
[...]
</properties>
  <testcase name="testMetricsShowReceivedAndDeleted" classname="com.hpe.caf.worker.queue.sqs.cloudwatch.CloudwatchMetricsIT" time="4.521">
    <system-out><![CDATA[Testcontainers configuration overrides will be loaded from file:/home/david/.testcontainers.properties
Image pull policy will be performed by: DefaultPullPolicy()
Image name substitution will be performed by: DefaultImageNameSubstitutor (composite of 'ConfigurationFileImageNameSubstitutor' and 'PrefixingImageNameSubstitutor')
Loaded org.testcontainers.dockerclient.UnixSocketClientProviderStrategy from ~/.testcontainers.properties, will try it first
Trying out strategy: UnixSocketClientProviderStrategy
Cmd: 
ex-00000001: preparing request execution
Cookie spec selected: strict
Auth cache not set in the context
ex-00000001: target auth state: UNCHALLENGED
ex-00000001: proxy auth state: UNCHALLENGED
ex-00000001: acquiring connection with route {}->unix://localhost:2375
ex-00000001: acquiring endpoint (3 MINUTES)
ex-00000001: endpoint lease request (3 MINUTES) [route: {}->unix://localhost:2375][total available: 0; route allocated: 0 of 2147483647; total allocated: 0 of 2147483647]
ex-00000001: endpoint leased [route: {}->unix://localhost:2375][total available: 0; route allocated: 1 of 2147483647; total allocated: 1 of 2147483647]
ex-00000001: acquired ep-00000000
ex-00000001: acquired endpoint ep-00000000
ex-00000001: opening connection {}->unix://localhost:2375
ep-00000000: connecting endpoint (3 MINUTES)
ep-00000000: connecting endpoint to unix://localhost:2375 (3 MINUTES)
http-outgoing-0: connecting to localhost/127.0.0.1:2375
http-outgoing-0: connection established /var/run/docker.sock<->/var/run/docker.sock
ep-00000000: connected http-outgoing-0
ep-00000000: endpoint connected
ex-00000001: executing GET /v1.32/info HTTP/1.1
ep-00000000: start execution ex-00000001
ep-00000000: executing exchange ex-00000001 over http-outgoing-0
http-outgoing-0 >> GET /v1.32/info HTTP/1.1
http-outgoing-0 >> x-tc-sid: 2af741d8-56d7-4d26-a9ed-fe487231d019
http-outgoing-0 >> User-Agent: tc-java/1.19.4
http-outgoing-0 >> Accept-Encoding: gzip, x-gzip, deflate
http-outgoing-0 >> Host: localhost:2375
http-outgoing-0 >> Connection: keep-alive
http-outgoing-0 >> "GET /v1.32/info HTTP/1.1[\r][\n]"
http-outgoing-0 >> "x-tc-sid: 2af741d8-56d7-4d26-a9ed-fe487231d019[\r][\n]"
http-outgoing-0 >> "User-Agent: tc-java/1.19.4[\r][\n]"
http-outgoing-0 >> "Accept-Encoding: gzip, x-gzip, deflate[\r][\n]"
http-outgoing-0 >> "Host: localhost:2375[\r][\n]"
http-outgoing-0 >> "Connection: keep-alive[\r][\n]"
http-outgoing-0 >> "[\r][\n]"
http-outgoing-0 << "HTTP/1.1 200 OK[\r][\n]"
http-outgoing-0 << "Api-Version: 1.45[\r][\n]"
http-outgoing-0 << "Content-Type: application/json[\r][\n]"
http-outgoing-0 << "Date: Mon, 23 Sep 2024 08:40:46 GMT[\r][\n]"
http-outgoing-0 << "Docker-Experimental: false[\r][\n]"
http-outgoing-0 << "Ostype: linux[\r][\n]"
http-outgoing-0 << "Server: Docker/26.1.5 (linux)[\r][\n]"
http-outgoing-0 << "Transfer-Encoding: chunked[\r][\n]"
http-outgoing-0 << "[\r][\n]"
http-outgoing-0 << HTTP/1.1 200 OK
http-outgoing-0 << Api-Version: 1.45
http-outgoing-0 << Content-Type: application/json
http-outgoing-0 << Date: Mon, 23 Sep 2024 08:40:46 GMT
http-outgoing-0 << Docker-Experimental: false
http-outgoing-0 << Ostype: linux
http-outgoing-0 << Server: Docker/26.1.5 (linux)
http-outgoing-0 << Transfer-Encoding: chunked
ex-00000001: connection can be kept alive for 3 MINUTES
http-outgoing-0 << "9dd[\r][\n]"
http-outgoing-0 << "{"ID":"090451a5-1040-4e29-b239-f1a93928d0dd","Containers":5,"ContainersRunning":4,"ContainersPaused":0,"ContainersStopped":1,"Images":164,"Driver":"overlay2","DriverStatus":[["Backing Filesystem","extfs"],["Supports d_type","true"],["Using metacopy","false"],["Native Overlay Diff","true"],["userxattr","false"]],"Plugins":{"Volume":["local"],"Network":["bridge","host","ipvlan","macvlan","null","overlay"],"Authorization":null,"Log":["awslogs","fluentd","gcplogs","gelf","journald","json-file","local","splunk","syslog"]},"MemoryLimit":true,"SwapLimit":true,"KernelMemory":true,"KernelMemoryTCP":true,"CpuCfsPeriod":true,"CpuCfsQuota":true,"CPUShares":true,"CPUSet":true,"PidsLimit":true,"IPv4Forwarding":true,"BridgeNfIptables":true,"BridgeNfIp6tables":true,"Debug":false,"NFd":28,"OomKillDisable":true,"NGoroutines":49,"SystemTime":"2024-09-23T09:40:46.435841172+01:00","LoggingDriver":"json-file","CgroupDriver":"cgroupfs","CgroupVersion":"1","NEventsListener":1,"KernelVersion":"5.15.153.1-microsoft-standard-WSL2","OperatingSystem":"Rancher Desktop WSL Distribution","OSVersion":"0.69","OSType":"linux","Architecture":"x86_64","IndexServerAddress":"https://index.docker.io/v1/","RegistryConfig":{"AllowNondistributableArtifactsCIDRs":null,"AllowNondistributableArtifactsHostnames":null,"InsecureRegistryCIDRs":["127.0.0.0/8"],"IndexConfigs":{"docker.io":{"Name":"docker.io","Mirrors":[],"Secure":true,"Official":true}},"Mirrors":null},"NCPU":4,"MemTotal":16776036352,"GenericResources":null,"DockerRootDir":"/var/lib/docker","HttpProxy":"","HttpsProxy":"","NoProxy":"","Name":"OTX-7QZZW33","Labels":[],"ExperimentalBuild":false,"ServerVersion":"26.1.5","Runtimes":{"io.containerd.runc.v2":{"path":"runc"},"runc":{"path":"runc"}},"DefaultRuntime":"runc","Swarm":{"NodeID":"","NodeAddr":"","LocalNodeState":"inactive","ControlAvailable":false,"Error":"","RemoteManagers":null},"LiveRestoreEnabled":false,"Isolation":"","InitBinary":"docker-init","ContainerdCommit":{"ID":"3a4de459a68952ffb703bbe7f2290861a75b6b67","Expected":"3a4de459a68952ffb703bbe7f2290861a75b6b67"},"RuncCommit":{"ID":"51d5e94601ceffbbd85688df1c928ecccbfa4685","Expected":"51d5e94601ceffbbd85688df1c928ecccbfa4685"},"InitCommit":{"ID":"","Expected":""},"SecurityOptions":["name=seccomp,profile=builtin"],"CDISpecDirs":[],"Warnings":["WARNING: No blkio throttle.read_bps_device support","WARNING: No blkio throttle.write_bps_device support","WARNING: No blkio throttle.read_iops_device support","WARNING: No blkio throttle.write_iops_device support"]}[\n]"
http-outgoing-0 << "[\r][\n]"
http-outgoing-0 << "0[\r][\n]"
http-outgoing-0 << "[\r][\n]"
ep-00000000: releasing valid endpoint
ep-00000000: releasing endpoint
ep-00000000: connection http-outgoing-0 can be kept alive for 3 MINUTES
ep-00000000: connection released [route: {}->unix://localhost:2375][total available: 1; route allocated: 1 of 2147483647; total allocated: 1 of 2147483647]
Found Docker environment with local Unix socket (unix:///var/run/docker.sock)
Transport type: 'httpclient5', Docker host: 'unix:///var/run/docker.sock'
Checking Docker OS type for local Unix socket (unix:///var/run/docker.sock)
Docker host IP address is localhost
Docker info: {CDISpecDirs=[], NGoroutines=49, Name=OTX-7QZZW33, Swarm={NodeID=, NodeAddr=, LocalNodeState=inactive, ControlAvailable=false, Error=, RemoteManagers=null}, RuncCommit={ID=51d5e94601ceffbbd85688df1c928ecccbfa4685, Expected=51d5e94601ceffbbd85688df1c928ecccbfa4685}, OSVersion=0.69, Runtimes={io.containerd.runc.v2={path=runc}, runc={path=runc}}, ID=090451a5-1040-4e29-b239-f1a93928d0dd, DriverStatus=[[Backing Filesystem, extfs], [Supports d_type, true], [Using metacopy, false], [Native Overlay Diff, true], [userxattr, false]], BridgeNfIptables=true, LiveRestoreEnabled=false, SystemTime=2024-09-23T09:40:46.435841172+01:00, NoProxy=, Architecture=x86_64, NEventsListener=1, HttpsProxy=, Images=164, ContainersRunning=4, Labels=[], InitCommit={ID=, Expected=}, NFd=28, KernelVersion=5.15.153.1-microsoft-standard-WSL2, LoggingDriver=json-file, OSType=linux, SecurityOptions=[name=seccomp,profile=builtin], ContainerdCommit={ID=3a4de459a68952ffb703bbe7f2290861a75b6b67, Expected=3a4de459a68952ffb703bbe7f2290861a75b6b67}, GenericResources=null, KernelMemory=true, OperatingSystem=Rancher Desktop WSL Distribution, RegistryConfig={AllowNondistributableArtifactsCIDRs=null, AllowNondistributableArtifactsHostnames=null, InsecureRegistryCIDRs=[127.0.0.0/8], IndexConfigs={docker.io={Name=docker.io, Mirrors=[], Secure=true, Official=true}}, Mirrors=null}, ServerVersion=26.1.5, OomKillDisable=true, CpuCfsQuota=true, Containers=5, Driver=overlay2, KernelMemoryTCP=true, IPv4Forwarding=true, ExperimentalBuild=false, DockerRootDir=/var/lib/docker, CPUSet=true, CpuCfsPeriod=true, DefaultRuntime=runc, CPUShares=true, Debug=false, NCPU=4, Plugins={Volume=[local], Network=[bridge, host, ipvlan, macvlan, null, overlay], Authorization=null, Log=[awslogs, fluentd, gcplogs, gelf, journald, json-file, local, splunk, syslog]}, SwapLimit=true, CgroupDriver=cgroupfs, ContainersPaused=0, MemTotal=16776036352, IndexServerAddress=https://index.docker.io/v1/, MemoryLimit=true, HttpProxy=, InitBinary=docker-init, CgroupVersion=1, PidsLimit=true, Isolation=, BridgeNfIp6tables=true, Warnings=[WARNING: No blkio throttle.read_bps_device support, WARNING: No blkio throttle.write_bps_device support, WARNING: No blkio throttle.read_iops_device support, WARNING: No blkio throttle.write_iops_device support], ContainersStopped=1}
Cmd: 
ex-00000002: preparing request execution
Cookie spec selected: strict
Auth cache not set in the context
ex-00000002: target auth state: UNCHALLENGED
ex-00000002: proxy auth state: UNCHALLENGED
ex-00000002: acquiring connection with route {}->unix://localhost:2375
ex-00000002: acquiring endpoint (3 MINUTES)
ex-00000002: endpoint lease request (3 MINUTES) [route: {}->unix://localhost:2375][total available: 1; route allocated: 1 of 2147483647; total allocated: 1 of 2147483647]
ex-00000002: endpoint leased [route: {}->unix://localhost:2375][total available: 0; route allocated: 1 of 2147483647; total allocated: 1 of 2147483647]
ex-00000002: acquired ep-00000001
ex-00000002: acquired endpoint ep-00000001
ex-00000002: executing GET /v1.32/version HTTP/1.1
ep-00000001: start execution ex-00000002
ep-00000001: executing exchange ex-00000002 over http-outgoing-0
http-outgoing-0 >> GET /v1.32/version HTTP/1.1
http-outgoing-0 >> accept: application/json
http-outgoing-0 >> x-tc-sid: 2af741d8-56d7-4d26-a9ed-fe487231d019
http-outgoing-0 >> User-Agent: tc-java/1.19.4
http-outgoing-0 >> Accept-Encoding: gzip, x-gzip, deflate
http-outgoing-0 >> Host: localhost:2375
http-outgoing-0 >> Connection: keep-alive
http-outgoing-0 >> "GET /v1.32/version HTTP/1.1[\r][\n]"
http-outgoing-0 >> "accept: application/json[\r][\n]"
http-outgoing-0 >> "x-tc-sid: 2af741d8-56d7-4d26-a9ed-fe487231d019[\r][\n]"
http-outgoing-0 >> "User-Agent: tc-java/1.19.4[\r][\n]"
http-outgoing-0 >> "Accept-Encoding: gzip, x-gzip, deflate[\r][\n]"
http-outgoing-0 >> "Host: localhost:2375[\r][\n]"
http-outgoing-0 >> "Connection: keep-alive[\r][\n]"
http-outgoing-0 >> "[\r][\n]"
http-outgoing-0 << "HTTP/1.1 200 OK[\r][\n]"
http-outgoing-0 << "Api-Version: 1.45[\r][\n]"
http-outgoing-0 << "Content-Length: 915[\r][\n]"
http-outgoing-0 << "Content-Type: application/json[\r][\n]"
http-outgoing-0 << "Date: Mon, 23 Sep 2024 08:40:46 GMT[\r][\n]"
http-outgoing-0 << "Docker-Experimental: false[\r][\n]"
http-outgoing-0 << "Ostype: linux[\r][\n]"
http-outgoing-0 << "Server: Docker/26.1.5 (linux)[\r][\n]"
http-outgoing-0 << "[\r][\n]"
http-outgoing-0 << "{"Platform":{"Name":""},"Components":[{"Name":"Engine","Version":"26.1.5","Details":{"ApiVersion":"1.45","Arch":"amd64","BuildTime":"2024-07-26T17:51:06.000000000+00:00","Experimental":"false","GitCommit":"411e817ddf710ff8e08fa193da80cb78af708191","GoVersion":"go1.22.5","KernelVersion":"5.15.153.1-microsoft-standard-WSL2","MinAPIVersion":"1.24","Os":"linux"}},{"Name":"containerd","Version":"v1.7.17","Details":{"GitCommit":"3a4de459a68952ffb703bbe7f2290861a75b6b67"}},{"Name":"runc","Version":"1.1.12","Details":{"GitCommit":"51d5e94601ceffbbd85688df1c928ecccbfa4685"}},{"Name":"docker-init","Version":"0.19.0","Details":{"GitCommit":""}}],"Version":"26.1.5","ApiVersion":"1.45","MinAPIVersion":"1.24","GitCommit":"411e817ddf710ff8e08fa193da80cb78af708191","GoVersion":"go1.22.5","Os":"linux","Arch":"amd64","KernelVersion":"5.15.153.1-microsoft-standard-WSL2","BuildTime":"2024-07-26T17:51:06.000000000+00:00"}[\n]"
http-outgoing-0 << HTTP/1.1 200 OK
http-outgoing-0 << Api-Version: 1.45
http-outgoing-0 << Content-Length: 915
http-outgoing-0 << Content-Type: application/json
http-outgoing-0 << Date: Mon, 23 Sep 2024 08:40:46 GMT
http-outgoing-0 << Docker-Experimental: false
http-outgoing-0 << Ostype: linux
http-outgoing-0 << Server: Docker/26.1.5 (linux)
ex-00000002: connection can be kept alive for 3 MINUTES
ep-00000001: releasing valid endpoint
ep-00000001: releasing endpoint
ep-00000001: connection http-outgoing-0 can be kept alive for 3 MINUTES
ep-00000001: connection released [route: {}->unix://localhost:2375][total available: 1; route allocated: 1 of 2147483647; total allocated: 1 of 2147483647]
Docker version: {Components=[{Name=Engine, Version=26.1.5, Details={ApiVersion=1.45, Arch=amd64, BuildTime=2024-07-26T17:51:06.000000000+00:00, Experimental=false, GitCommit=411e817ddf710ff8e08fa193da80cb78af708191, GoVersion=go1.22.5, KernelVersion=5.15.153.1-microsoft-standard-WSL2, MinAPIVersion=1.24, Os=linux}}, {Name=containerd, Version=v1.7.17, Details={GitCommit=3a4de459a68952ffb703bbe7f2290861a75b6b67}}, {Name=runc, Version=1.1.12, Details={GitCommit=51d5e94601ceffbbd85688df1c928ecccbfa4685}}, {Name=docker-init, Version=0.19.0, Details={GitCommit=}}], KernelVersion=5.15.153.1-microsoft-standard-WSL2, ApiVersion=1.45, Platform={Name=}, GitCommit=411e817ddf710ff8e08fa193da80cb78af708191, Os=linux, Version=26.1.5, MinAPIVersion=1.24, Arch=amd64, GoVersion=go1.22.5, BuildTime=2024-07-26T17:51:06.000000000+00:00}
Connected to docker: 
  Server Version: 26.1.5
  API Version: 1.45
  Operating System: Rancher Desktop WSL Distribution
  Total Memory: 15998 MB
Ryuk is enabled but will be started on demand
Checks are enabled
Checking the system...
✔︎ Docker server version should be at least 1.6.0
No prefix is configured
Did not find a substitute image for worker-framework-8.2.0-SNAPSHOT.project-registries.local/localstack/localstack:latest (using image substitutor: DefaultImageNameSubstitutor (composite of 'ConfigurationFileImageNameSubstitutor' and 'PrefixingImageNameSubstitutor'))
Cmd: ListImagesCmdImpl[filters=org.testcontainers.shaded.com.github.dockerjava.core.util.FiltersBuilder@0,imageNameFilter=<null>,showAll=false]
ex-00000003: preparing request execution
Cookie spec selected: strict
Auth cache not set in the context
ex-00000003: target auth state: UNCHALLENGED
ex-00000003: proxy auth state: UNCHALLENGED
ex-00000003: acquiring connection with route {}->unix://localhost:2375
ex-00000003: acquiring endpoint (3 MINUTES)
ex-00000003: endpoint lease request (3 MINUTES) [route: {}->unix://localhost:2375][total available: 1; route allocated: 1 of 2147483647; total allocated: 1 of 2147483647]
ex-00000003: endpoint leased [route: {}->unix://localhost:2375][total available: 0; route allocated: 1 of 2147483647; total allocated: 1 of 2147483647]
ex-00000003: acquired ep-00000002
ex-00000003: acquired endpoint ep-00000002
ex-00000003: executing GET /v1.32/images/json HTTP/1.1
ep-00000002: start execution ex-00000003
ep-00000002: executing exchange ex-00000003 over http-outgoing-0
http-outgoing-0 >> GET /v1.32/images/json HTTP/1.1
http-outgoing-0 >> accept: application/json
http-outgoing-0 >> x-tc-sid: 2af741d8-56d7-4d26-a9ed-fe487231d019
http-outgoing-0 >> User-Agent: tc-java/1.19.4
http-outgoing-0 >> Accept-Encoding: gzip, x-gzip, deflate
http-outgoing-0 >> Host: localhost:2375
http-outgoing-0 >> Connection: keep-alive
http-outgoing-0 >> "GET /v1.32/images/json HTTP/1.1[\r][\n]"
http-outgoing-0 >> "accept: application/json[\r][\n]"
http-outgoing-0 >> "x-tc-sid: 2af741d8-56d7-4d26-a9ed-fe487231d019[\r][\n]"
http-outgoing-0 >> "User-Agent: tc-java/1.19.4[\r][\n]"
http-outgoing-0 >> "Accept-Encoding: gzip, x-gzip, deflate[\r][\n]"
http-outgoing-0 >> "Host: localhost:2375[\r][\n]"
http-outgoing-0 >> "Connection: keep-alive[\r][\n]"
http-outgoing-0 >> "[\r][\n]"
http-outgoing-0 << "HTTP/1.1 200 OK[\r][\n]"
http-outgoing-0 << "Api-Version: 1.45[\r][\n]"
http-outgoing-0 << "Content-Type: application/json[\r][\n]"
http-outgoing-0 << "Date: Mon, 23 Sep 2024 08:40:46 GMT[\r][\n]"
http-outgoing-0 << "Docker-Experimental: false[\r][\n]"
http-outgoing-0 << "Ostype: linux[\r][\n]"
http-outgoing-0 << "Server: Docker/26.1.5 (linux)[\r][\n]"
http-outgoing-0 << "Transfer-Encoding: chunked[\r][\n]"
http-outgoing-0 << "[\r][\n]"
http-outgoing-0 << "8000[\r][\n]"
http-outgoing-0 << "[{"Containers":-1,"Created":1727059410,"Id":"sha256:ac5e28111e66a62b24e738c9b1bc9b5794f4402e73adfa6b2b9b19be5af34a6c","Labels":{"authors":"LocalStack Contributors","description":"LocalStack Docker image","maintainer":"LocalStack Team (info@localstack.cloud)"},"ParentId":"","RepoDigests":["dockerhub-public.svsartifactory.swinfra.net/localstack/localstack@sha256:2241d47fc854785e5ae6875154a549e1eaa90067aef315047d570c19c691432d"],"RepoTags":["dockerhub-public.svsartifactory.swinfra.net/localstack/localstack:latest","worker-framework-8.2.0-SNAPSHOT.project-registries.local/localstack/localstack:latest"],"SharedSize":-1,"Size":1265400472,"VirtualSize":1265400472},{"Containers":-1,"Created":1726753582,"Id":"sha256:5fbd5efae3ae7997033ad24b3c4caee68f1eec7190c454212f865e6cc1f9cdce","Labels":{"Build.Date":"2024-09-11T12:03:02.861Z","Build.Number":"1.0.0-17","Git.Branch":"main","Git.Commit":"d2615797c6af54f9cf7d3d4be2496a6df7ae9e67","Git.Repo":"https://github.com/CAFapi/oraclelinux-base-images"},"ParentId":"sha256:c9eef3471e5e77412d5a667b64b54f0881ffe1ee33b10f902137bc7ba3b7e1d0","RepoDigests":null,"RepoTags":["devimages/worker-ajp:11.0.0-SNAPSHOT"],"SharedSize":-1,"Size":1003089554,"VirtualSize":1003089554},{"Containers":-1,"Created":1726751916,"Id":"sha256:92c98a19c7e5b8d98e2ee918453a074d93b7ef2a4b4c4d00a0f253e9f8df9f45","Labels":{"Build.Date":"2024-09-11T12:03:02.861Z","Build.Number":"1.0.0-17","Git.Branch":"main","Git.Commit":"d2615797c6af54f9cf7d3d4be2496a6df7ae9e67","Git.Repo":"https://github.com/CAFapi/oraclelinux-base-images"},"ParentId":"sha256:dce0312ad095cf5bc64422f178842a6f79daf809988713a141ce20165cea3c9c","RepoDigests":null,"RepoTags":["devimages/agent-job-processor:11.0.0-SNAPSHOT"],"SharedSize":-1,"Size":911421275,"VirtualSize":911421275},{"Containers":-1,"Created":1726751721,"Id":"sha256:e001c90f3355bb310a69da961d4d3508fe0e1178097279a1dcb20029320fc01e","Labels":{"Build.Date":"2024-09-11T12:03:02.861Z","Build.Number":"1.0.0-17","Git.Branch":"main","Git.Commit":"d2615797c6af54f9cf7d3d4be2496a6df7ae9e67","Git.Repo":"https://github.com/CAFapi/oraclelinux-base-images"},"ParentId":"sha256:05072bb85c23e57bebfc0539bb98a1a943ae2f56bf9f8decd7622194bd1ed80a","RepoDigests":null,"RepoTags":["devimages/data-management-service:11.0.0-SNAPSHOT"],"SharedSize":-1,"Size":905854716,"VirtualSize":905854716},{"Containers":-1,"Created":1726749692,"Id":"sha256:daa7b7989d3cf901ea3604a977925e2cc9a6c803e0d1ca06fb507e0ed0421195","Labels":{"Build.Date":"2024-07-17T13:59:10.212369429Z","Build.Number":"11.3.0-157","DOCKERFILE":"https://github.com/opensearch-project/opensearch-build/blob/main/docker/release/dockerfiles/opensearch.al2.dockerfile","Git.Branch":"master","Git.Commit":"20657a99e9c1e13102dd16920b039778e854c2ad","Git.Repo":"https://github.houston.softwaregrp.net/caf/opensearch-plugin","org.label-schema.build-date":"2024-07-15T19:34:25Z","org.label-schema.description":"9911","org.label-schema.license":"Apache-2.0","org.label-schema.name":"opensearch","org.label-schema.schema-version":"1.0","org.label-schema.url":"https://opensearch.org","org.label-schema.vcs-url":"https://github.com/opensearch-project/OpenSearch","org.label-schema.vendor":"OpenSearch","org.label-schema.version":"1.3.17"},"ParentId":"sha256:35510bf4133606d0a8308f37b289ebf2d6b24d01eea2534f2e3a7ecde5ec04b4","RepoDigests":null,"RepoTags":["opensearch-test:11.0.0-SNAPSHOT"],"SharedSize":-1,"Size":864292964,"VirtualSize":864292964},{"Containers":-1,"Created":1726749691,"Id":"sha256:ee4d148e715da28f963402323e66d6c4a25d3fd728ed22de69b624c6d6cc377b","Labels":null,"ParentId":"sha256:8e202ffaa1a80a0a3b04597687f3925e89a908c3fe6c43240c6e0136c8fe97fc","RepoDigests":null,"RepoTags":["worker-ajp-haproxy:11.0.0-SNAPSHOT"],"SharedSize":-1,"Size":93320551,"VirtualSize":93320551},{"Containers":-1,"Created":1726749690,"Id":"sha256:32b012eb70aaeb06ad4eab7efb9cf7e7552668a20abac25b671c345358d251a1","Labels":{"Build.Date":"2024-08-13T10:33:39.898Z","Build.Number":"4.1.1-58","Git.Branch":"main","Git.Commit":"a5fee574607622b4dde8301433023f4076a94b3c","Git.Repo":"https://github.com/CAFapi/opensuse-base-images","org.openbuildservice.disturl":"obs://build.opensuse.org/openSUSE:Leap:15.6:Images/images/25049cab88eae9e94c1aeac7a8f0aee7-opensuse-leap-image:docker","org.opencontainers.image.created":"2024-07-15T08:02:24.864748360Z","org.opencontainers.image.description":"Image containing a minimal environment for containers based on openSUSE Leap 15.6.","org.opencontainers.image.source":"https://build.opensuse.org/package/show/openSUSE:Leap:15.6:Images/opensuse-leap-image?rev=25049cab88eae9e94c1aeac7a8f0aee7","org.opencontainers.image.title":"openSUSE Leap 15.6 Base Container","org.opencontainers.image.url":"https://www.opensuse.org/","org.opencontainers.image.vendor":"openSUSE Project","org.opencontainers.image.version":"15.6.5.623","org.opensuse.base.created":"2024-07-15T08:02:24.864748360Z","org.opensuse.base.description":"Image containing a minimal environment for containers based on openSUSE Leap 15.6.","org.opensuse.base.disturl":"obs://build.opensuse.org/openSUSE:Leap:15.6:Images/images/25049cab88eae9e94c1aeac7a8f0aee7-opensuse-leap-image:docker","org.opensuse.base.reference":"registry.opensuse.org/opensuse/leap:15.6.5.623","org.opensuse.base.source":"https://build.opensuse.org/package/show/openSUSE:Leap:15.6:Images/opensuse-leap-image?rev=25049cab88eae9e94c1aeac7a8f0aee7","org.opensuse.base.title":"openSUSE Leap 15.6 Base Container","org.opensuse.base.url":"https://www.opensuse.org/","org.opensuse.base.vendor":"openSUSE Project","org.opensuse.base.version":"15.6.5.623","org.opensuse.reference":"registry.opensuse.org/opensuse/leap:15.6.5.623"},"ParentId":"sha256:b3921cfc5faf8768a47b57afe34aedf5859a7244ea454766b6c912378933fca6","RepoDigests":null,"RepoTags":["worker-ajp-keystore:11.0.0-SNAPSHOT"],"SharedSize":-1,"Size":453604287,"VirtualSize":453604287},{"Containers":-1,"Created":1726749504,"Id":"sha256:5afb6e3a88d6947853699e677dae5006db4ed5d77f60ec9c76a881f81e018a40","Labels":{"Build.Date":"2024-08-13T10:33:39.898Z","Build.Number":"4.1.1-58","Git.Branch":"main","Git.Commit":"a5fee574607622b4dde8301433023f4076a94b3c","Git.Repo":"https://github.com/CAFapi/opensuse-base-images","org.openbuildservice.disturl":"obs://build.opensuse.org/openSUSE:Leap:15.6:Images/images/25049cab88eae9e94c1aeac7a8f0aee7-opensuse-leap-image:docker","org.opencontainers.image.created":"2024-07-15T08:02:24.864748360Z","org.opencontainers.image.description":"Image containing a minimal environment for containers based on openSUSE Leap 15.6.","org.opencontainers.image.source":"https://build.opensuse.org/package/show/openSUSE:Leap:15.6:Images/opensuse-leap-image?rev=25049cab88eae9e94c1aeac7a8f0aee7","org.opencontainers.image.title":"openSUSE Leap 15.6 Base Container","org.opencontainers.image.url":"https://www.opensuse.org/","org.opencontainers.image.vendor":"openSUSE Project","org.opencontainers.image.version":"15.6.5.623","org.opensuse.base.created":"2024-07-15T08:02:24.864748360Z","org.opensuse.base.description":"Image containing a minimal environment for containers based on openSUSE Leap 15.6.","org.opensuse.base.disturl":"obs://build.opensuse.org/openSUSE:Leap:15.6:Images/images/25049cab88eae9e94c1aeac7a8f0aee7-opensuse-leap-image:docker","org.opensuse.base.reference":"registry.opensuse.org/opensuse/leap:15.6.5.623","org.opensuse.base.source":"https://build.opensuse.org/package/show/openSUSE:Leap:15.6:Images/opensuse-leap-image?rev=25049cab88eae9e94c1aeac7a8f0aee7","org.opensuse.base.title":"openSUSE Leap 15.6 Base Container","org.opensuse.base.url":"https://www.opensuse.org/","org.opensuse.base.vendor":"openSUSE Project","org.opensuse.base.version":"15.6.5.623","org.opensuse.reference":"registry.opensuse.org/opensuse/leap:15.6.5.623"},"ParentId":"sha256:5178ebfab5ec8f1432dfca65283c1ba3746b67c65033ce6413996a1165c02641","RepoDigests":null,"RepoTags":["agent-job-processor-service-container-keystore:11.0.0-SNAPSHOT"],"SharedSize":-1,"Si"
http-outgoing-0 << HTTP/1.1 200 OK
http-outgoing-0 << Api-Version: 1.45
http-outgoing-0 << Content-Type: application/json
http-outgoing-0 << Date: Mon, 23 Sep 2024 08:40:46 GMT
http-outgoing-0 << Docker-Experimental: false
http-outgoing-0 << Ostype: linux
http-outgoing-0 << Server: Docker/26.1.5 (linux)
http-outgoing-0 << Transfer-Encoding: chunked
ex-00000003: connection can be kept alive for 3 MINUTES
http-outgoing-0 << "ze":453597111,"VirtualSize":453597111},{"Containers":-1,"Created":1726749299,"Id":"sha256:1290aa93f8a5cd8c2ed7575876dc54206140f5071ac38bd6595ddc39d290e55a","Labels":{"Build.Date":"2024-08-13T10:33:39.898Z","Build.Number":"4.1.1-58","Git.Branch":"main","Git.Commit":"a5fee574607622b4dde8301433023f4076a94b3c","Git.Repo":"https://github.com/CAFapi/opensuse-base-images","org.openbuildservice.disturl":"obs://build.opensuse.org/openSUSE:Leap:15.6:Images/images/25049cab88eae9e94c1aeac7a8f0aee7-opensuse-leap-image:docker","org.opencontainers.image.created":"2024-07-15T08:02:24.864748360Z","org.opencontainers.image.description":"Image containing a minimal environment for containers based on openSUSE Leap 15.6.","org.opencontainers.image.source":"https://build.opensuse.org/package/show/openSUSE:Leap:15.6:Images/opensuse-leap-image?rev=25049cab88eae9e94c1aeac7a8f0aee7","org.opencontainers.image.title":"openSUSE Leap 15.6 Base Container","org.opencontainers.image.url":"https://www.opensuse.org/","org.opencontainers.image.vendor":"openSUSE Project","org.opencontainers.image.version":"15.6.5.623","org.opensuse.base.created":"2024-07-15T08:02:24.864748360Z","org.opensuse.base.description":"Image containing a minimal environment for containers based on openSUSE Leap 15.6.","org.opensuse.base.disturl":"obs://build.opensuse.org/openSUSE:Leap:15.6:Images/images/25049cab88eae9e94c1aeac7a8f0aee7-opensuse-leap-image:docker","org.opensuse.base.reference":"registry.opensuse.org/opensuse/leap:15.6.5.623","org.opensuse.base.source":"https://build.opensuse.org/package/show/openSUSE:Leap:15.6:Images/opensuse-leap-image?rev=25049cab88eae9e94c1aeac7a8f0aee7","org.opensuse.base.title":"openSUSE Leap 15.6 Base Container","org.opensuse.base.url":"https://www.opensuse.org/","org.opensuse.base.vendor":"openSUSE Project","org.opensuse.base.version":"15.6.5.623","org.opensuse.reference":"registry.opensuse.org/opensuse/leap:15.6.5.623"},"ParentId":"sha256:ba374860764db2e599f6cb7dc008f3f47a01ea979632300fc5429961666747c1","RepoDigests":null,"RepoTags":["collection-center-service-container-keystore:11.0.0-SNAPSHOT"],"SharedSize":-1,"Size":453597118,"VirtualSize":453597118},{"Containers":-1,"Created":1726748938,"Id":"sha256:7aa06bdedc21c1d218fca160596568f53eaf9f5386d7514b72fae220458fa350","Labels":{"Build.Date":"2024-08-13T10:33:39.898Z","Build.Number":"4.1.1-58","Git.Branch":"main","Git.Commit":"a5fee574607622b4dde8301433023f4076a94b3c","Git.Repo":"https://github.com/CAFapi/opensuse-base-images","org.openbuildservice.disturl":"obs://build.opensuse.org/openSUSE:Leap:15.6:Images/images/25049cab88eae9e94c1aeac7a8f0aee7-opensuse-leap-image:docker","org.opencontainers.image.created":"2024-07-15T08:02:24.864748360Z","org.opencontainers.image.description":"Image containing a minimal environment for containers based on openSUSE Leap 15.6.","org.opencontainers.image.source":"https://build.opensuse.org/package/show/openSUSE:Leap:15.6:Images/opensuse-leap-image?rev=25049cab88eae9e94c1aeac7a8f0aee7","org.opencontainers.image.title":"openSUSE Leap 15.6 Base Container","org.opencontainers.image.url":"https://www.opensuse.org/","org.opencontainers.image.vendor":"openSUSE Project","org.opencontainers.image.version":"15.6.5.623","org.opensuse.base.created":"2024-07-15T08:02:24.864748360Z","org.opensuse.base.description":"Image containing a minimal environment for containers based on openSUSE Leap 15.6.","org.opensuse.base.disturl":"obs://build.opensuse.org/openSUSE:Leap:15.6:Images/images/25049cab88eae9e94c1aeac7a8f0aee7-opensuse-leap-image:docker","org.opensuse.base.reference":"registry.opensuse.org/opensuse/leap:15.6.5.623","org.opensuse.base.source":"https://build.opensuse.org/package/show/openSUSE:Leap:15.6:Images/opensuse-leap-image?rev=25049cab88eae9e94c1aeac7a8f0aee7","org.opensuse.base.title":"openSUSE Leap 15.6 Base Container","org.opensuse.base.url":"https://www.opensuse.org/","org.opensuse.base.vendor":"openSUSE Project","org.opensuse.base.version":"15.6.5.623","org.opensuse.reference":"registry.opensuse.org/opensuse/leap:15.6.5.623"},"ParentId":"sha256:54ad04638fc892da42ab0192299300b427e688dc0a225e9b758f98a53e2cb3b0","RepoDigests":null,"RepoTags":["agent-job-processor-service-keystore:11.0.0-SNAPSHOT"],"SharedSize":-1,"Size":453601017,"VirtualSize":453601017},{"Containers":-1,"Created":1726740917,"Id":"sha256:b79f915266576f5dcaaaf956ec55a39cf30000154df227aff30dd58c1cba0b83","Labels":{"Build.Date":"2024-09-19T09:57:44.483Z","Build.Number":"7.0.0-SNAPSHOT","Git.Branch":"develop","Git.Commit":"e1f45c3ddbc60a74d7c130e26e2eb530c6149c5c","Git.Repo":"https://gitlab.otxlab.net/cybersecurity-enterprise/cddri/app/darwin-keycloak-image"},"ParentId":"","RepoDigests":["saas-docker-prerelease.svsartifactory.swinfra.net/apollo/keycloak-base@sha256:ab67bc6a3be853704dbf49ba872c3645d68188cccf041ddcf12a60b14b29bd2e"],"RepoTags":["saas-docker-prerelease.svsartifactory.swinfra.net/apollo/keycloak-base:7.0.0-SNAPSHOT"],"SharedSize":-1,"Size":1033366297,"VirtualSize":1033366297},{"Containers":-1,"Created":1726680587,"Id":"sha256:211a9dde89b60c7a76dab94ba2d5675a9676d05b92ba25ca303a97766f020151","Labels":{"Build.Date":"2024-09-18T17:57:59.513334066Z","Build.Number":"8.0.0-SNAPSHOT","Git.Branch":"master","Git.Commit":"db315a5b92916ddce1a32799feac254530cbbdc3","Git.Repo":"https://gitlab.otxlab.net/cybersecurity-enterprise/cddri/app/darwin-search-and-analytics"},"ParentId":"","RepoDigests":["saas-docker-prerelease.svsartifactory.swinfra.net/apollo/search-and-analytics@sha256:765a6a1f1d7b9177e9f0d3ae9c1472ad7dee69a262d71a4208e8916391a45c06"],"RepoTags":["saas-docker-prerelease.svsartifactory.swinfra.net/apollo/search-and-analytics:8.0.0-SNAPSHOT"],"SharedSize":-1,"Size":950329214,"VirtualSize":950329214},{"Containers":-1,"Created":1726660687,"Id":"sha256:0110039997654b7cd75bf7bf5f55f9eda1ba4800d13e874fe325fabc12cb2e4d","Labels":{"authors":"LocalStack Contributors","description":"LocalStack Docker image","maintainer":"LocalStack Team (info@localstack.cloud)"},"ParentId":"","RepoDigests":["dockerhub-public.svsartifactory.swinfra.net/localstack/localstack@sha256:384861c6e5cabc8dc9d89fdca45295d31a80ebb2f8034acb74e3a09ff3b223a9"],"RepoTags":null,"SharedSize":-1,"Size":1268022660,"VirtualSize":1268022660},{"Containers":-1,"Created":1726652303,"Id":"sha256:28e54d4251f055a25b2ae5eb25439ee02d8c1168f49f0cafb5457ddae3cc9b86","Labels":{"Build.Date":"2024-09-10T12:53:13.431Z","Build.Number":"1.0.0-SNAPSHOT","Git.Branch":"main","Git.Commit":"a429c396cfadf8479463d3875f047c1e3eec5329","Git.Repo":"https://github.com/CAFapi/oraclelinux-base-images"},"ParentId":"sha256:a36b4851e50dce340e4f64a49017529abef41c1f07a2f876257c5a47c478bd0e","RepoDigests":null,"RepoTags":["dev/cafdataprocessing/worker-languagedetection:5.2.0-SNAPSHOT"],"SharedSize":-1,"Size":973682252,"VirtualSize":973682252},{"Containers":-1,"Created":1726652206,"Id":"sha256:f87a2508fdb1edeef90a9aa460cb84ff727764d517ab7e9d495067c675304298","Labels":null,"ParentId":"sha256:d3fa62f342aaf30a64f1f35c6f10c7337a06915ec317c5d1449b5e5d85cde8d2","RepoDigests":null,"RepoTags":["worker-languagedetection-container-test-config:5.2.0-SNAPSHOT"],"SharedSize":-1,"Size":4264334,"VirtualSize":4264334},{"Containers":-1,"Created":1726584592,"Id":"sha256:ca560a42fc215c6833763dc634aaf0d0f9816a6f3a349eb5ebe6d271fe6cc789","Labels":{"Build.Date":"2024-07-08T15:38:09.791Z","Build.Number":"4.1.0-46","Git.Branch":"main","Git.Commit":"882caa035e63738bd488148fb654981ec47f9493","Git.Repo":"https://github.com/CAFapi/opensuse-base-images","org.openbuildservice.disturl":"obs://build.opensuse.org/openSUSE:Leap:15.6:Images/images/25049cab88eae9e94c1aeac7a8f0aee7-opensuse-leap-image:docker","org.opencontainers.image.created":"2024-07-05T10:13:29.257769853Z","org.opencontainers.image.description":"Image containing a minimal environment for containers based on openSUSE Leap 15.6.","org.opencontainers.image.source":"https://build.opensuse.org/package/show/openSUSE:Leap:15.6:Images/opensuse-leap-image?rev=25049cab88eae9e9"
http-outgoing-0 << "4c1aeac7a8f0aee7","org.opencontainers.image.title":"openSUSE Leap 15.6 Base Container","org.opencontainers.image.url":"https://www.opensuse.org/","org.opencontainers.image.vendor":"openSUSE Project","org.opencontainers.image.version":"15.6.5.622","org.opensuse.base.created":"2024-07-05T10:13:29.257769853Z","org.opensuse.base.description":"Image containing a minimal environment for containers based on openSUSE Leap 15.6.","org.opensuse.base.disturl":"obs://build.opensuse.org/openSUSE:Leap:15.6:Images/images/25049cab88eae9e94c1aeac7a8f0aee7-opensuse-leap-image:docker","org.opensuse.base.reference":"registry.opensuse.org/opensuse/leap:15.6.5.622","org.opensuse.base.source":"https://build.opensuse.org/package/show/openSUSE:Leap:15.6:Images/opensuse-leap-image?rev=25049cab88eae9e94c1aeac7a8f0aee7","org.opensuse.base.title":"openSUSE Leap 15.6 Base Container","org.opensuse.base.url":"https://www.opensuse.org/","org.opensuse.base.vendor":"openSUSE Project","org.opensuse.base.version":"15.6.5.622","org.opensuse.reference":"registry.opensuse.org/opensuse/leap:15.6.5.622"},"ParentId":"sha256:56308d9fc83cdb4d9cf63708a496d237c6b11fa328899ef3420d120c4d9f8186","RepoDigests":null,"RepoTags":["devimages/worker-test:8.2.0-SNAPSHOT"],"SharedSize":-1,"Size":535445923,"VirtualSize":535445923},{"Containers":-1,"Created":1726581542,"Id":"sha256:97779c4a808658cff927abd4be0e5a489a2d677741f92daf7b8964fe0b94f11c","Labels":{"org.opencontainers.image.ref.name":"ubuntu","org.opencontainers.image.version":"22.04"},"ParentId":"sha256:759a76622a605c110da013ff6b813cc3cc147ba7c08738075182392f6dcd80f2","RepoDigests":null,"RepoTags":["worker-test-rabbitmq:8.2.0-SNAPSHOT"],"SharedSize":-1,"Size":250712404,"VirtualSize":250712404},{"Containers":-1,"Created":1726565328,"Id":"sha256:86b26048f741168be25c6fe8b8d193d1e45512d09a4e3eb1e4ad1f67e841dbdd","Labels":{"authors":"LocalStack Contributors","description":"LocalStack Docker image","maintainer":"LocalStack Team (info@localstack.cloud)"},"ParentId":"","RepoDigests":["dockerhub-public.svsartifactory.swinfra.net/localstack/localstack@sha256:763947722c6c8d33d5fbf7e8d52b4bddec5be35274a0998fdc6176d733375314"],"RepoTags":null,"SharedSize":-1,"Size":1268021760,"VirtualSize":1268021760},{"Containers":-1,"Created":1726541027,"Id":"sha256:d62b036cbdb2e841cac3df4d51aaad06967b93a2b89fde038306c78e8c50eaae","Labels":{"authors":"LocalStack Contributors","description":"LocalStack Docker image","maintainer":"LocalStack Team (info@localstack.cloud)"},"ParentId":"","RepoDigests":["dockerhub-public.svsartifactory.swinfra.net/localstack/localstack@sha256:8fe209da86baff6f6a2ec295a7a13371a633d3366fdfea50e3a4091a6c636254"],"RepoTags":null,"SharedSize":-1,"Size":1267972218,"VirtualSize":1267972218},{"Containers":-1,"Created":1726454642,"Id":"sha256:e331e63d18d1157a8002099f0ee16a34bc7eb1adb62b79d3f55db06556bf8a30","Labels":{"authors":"LocalStack Contributors","description":"LocalStack Docker image","maintainer":"LocalStack Team (info@localstack.cloud)"},"ParentId":"","RepoDigests":["dockerhub-public.svsartifactory.swinfra.net/localstack/localstack@sha256:4b7953cd059dba41f6d8a35b3bd1c4b42aaeff725efce620e8b4738d954256bf"],"RepoTags":null,"SharedSize":-1,"Size":1265379961,"VirtualSize":1265379961},{"Containers":-1,"Created":1726236660,"Id":"sha256:7b45666aad02b315e11d1a0bffc4ad8b10e9e6959d28866821945f59aea074db","Labels":{"authors":"LocalStack Contributors","description":"LocalStack Docker image","maintainer":"LocalStack Team (info@localstack.cloud)"},"ParentId":"","RepoDigests":["dockerhub-public.svsartifactory.swinfra.net/localstack/localstack@sha256:60e84de90dcd1b54e47b3d7b874005c3426cb215b3216373b5cd459cf8c57567"],"RepoTags":null,"SharedSize":-1,"Size":1264920788,"VirtualSize":1264920788},{"Containers":-1,"Created":1726232363,"Id":"sha256:2de014a869242a7aafa786c010739639b4cf69bb0e81524d124f54cc8b0dc07a","Labels":{"authors":"LocalStack Contributors","description":"LocalStack Docker image","maintainer":"LocalStack Team (info@localstack.cloud)"},"ParentId":"","RepoDigests":["dockerhub-public.svsartifactory.swinfra.net/localstack/localstack@sha256:78d4be94bff955891df3c6dad38c7d4c1aac3aebf79536cb7e8f5cd13214a783"],"RepoTags":null,"SharedSize":-1,"Size":1264877877,"VirtualSize":1264877877},{"Containers":-1,"Created":1726214282,"Id":"sha256:d6b9eae9a61bc479a8ac6078c098c6c4c177a0bc7fd73c47adc9ff4645f18514","Labels":null,"ParentId":"sha256:c95f1a6495b474b68c0d9cfc982a1742e2b2e65502726ad8b720cd91136bcfb7","RepoDigests":null,"RepoTags":["worker-framework-docs-source-code:8.2.0-SNAPSHOT"],"SharedSize":-1,"Size":10931915,"VirtualSize":10931915},{"Containers":-1,"Created":1726191848,"Id":"sha256:fc49cd7cf75a232927dc26133d47b2f82b99a39c6a4b9e4cb97e15a1ab62fd03","Labels":{"authors":"LocalStack Contributors","description":"LocalStack Docker image","maintainer":"LocalStack Team (info@localstack.cloud)"},"ParentId":"","RepoDigests":["dockerhub-public.svsartifactory.swinfra.net/localstack/localstack@sha256:f7befe7de693c1fd195b334c340bbc8f445f2aa26c756b881ebc83142dc919fc"],"RepoTags":null,"SharedSize":-1,"Size":1264878667,"VirtualSize":1264878667},{"Containers":-1,"Created":1726159608,"Id":"sha256:3124606c2b96bac5dcc8eb953df16fe746f17e4cbf0d809a42d8165568fa8af5","Labels":{"authors":"LocalStack Contributors","description":"LocalStack Docker image","maintainer":"LocalStack Team (info@localstack.cloud)"},"ParentId":"","RepoDigests":["dockerhub-public.svsartifactory.swinfra.net/localstack/localstack@sha256:5ebade4d47fa263e3bb3d372bb369348dc63f35f9945286151658c5f3758bf93"],"RepoTags":null,"SharedSize":-1,"Size":1264869337,"VirtualSize":1264869337},{"Containers":-1,"Created":1726140890,"Id":"sha256:bc6cb59336b8c61d407073a7f8292ccb02d79fb4b259a16e8628081413d856ed","Labels":{"authors":"LocalStack Contributors","description":"LocalStack Docker image","maintainer":"LocalStack Team (info@localstack.cloud)"},"ParentId":"","RepoDigests":["dockerhub-public.svsartifactory.swinfra.net/localstack/localstack@sha256:b37ae217b9dbb635175a50c7a786b47e43ee6384b1a9b875af9c60a981afc995"],"RepoTags":null,"SharedSize":-1,"Size":1264866355,"VirtualSize":1264866355},{"Containers":-1,"Created":1726125656,"Id":"sha256:ac405f96662ea4abaac4608d586818691d08d51c256760c50a6bc8ccf9ba20ef","Labels":{"Build.Date":"2024-09-10T12:53:13.431Z","Build.Number":"1.0.0-SNAPSHOT","Git.Branch":"main","Git.Commit":"a429c396cfadf8479463d3875f047c1e3eec5329","Git.Repo":"https://github.com/CAFapi/oraclelinux-base-images"},"ParentId":"sha256:4ee5da8ce9d5d1a32d62c8c263fd42ccf999c7a5802f805fbeaee07b77319ba4","RepoDigests":["<none>@<none>"],"RepoTags":["<none>:<none>"],"SharedSize":-1,"Size":973678935,"VirtualSize":973678935},{"Containers":-1,"Created":1726109123,"Id":"sha256:e94b82c747b889abca5098bd8e1dfc55b9f87ddf9bfcee2a856ca982360b9723","Labels":{"authors":"LocalStack Contributors","description":"LocalStack Docker image","maintainer":"LocalStack Team (info@localstack.cloud)"},"ParentId":"","RepoDigests":["dockerhub-public.svsartifactory.swinfra.net/localstack/localstack@sha256:f85ab645ba251d8a8a2486e3419bc8397f5ab0a60987949badc2eaf4962770fa"],"RepoTags":null,"SharedSize":-1,"Size":1063669269,"VirtualSize":1063669269},{"Containers":-1,"Created":1726063077,"Id":"sha256:37ee8487570dfbc5e4c5315385370fb3affb58aa89b8245d22da8f953114430b","Labels":{"Build.Date":"2024-09-11T13:57:57.041Z","Build.Number":"4.1.2-71","Git.Branch":"main","Git.Commit":"73a9918e454d253d0cf0a74895fcec3126e763c7","Git.Repo":"https://github.com/CAFapi/opensuse-base-images","org.openbuildservice.disturl":"obs://build.opensuse.org/openSUSE:Leap:15.6:Images/images/25049cab88eae9e94c1aeac7a8f0aee7-opensuse-leap-image:docker","org.opencontainers.image.created":"2024-08-19T13:51:31.938494769Z","org.opencontainers.image.description":"Image containing a minimal environment for containers based on openSUSE Leap 15.6.","org.opencontainers.image.source":"https://build.opensuse.org/package/show/openSUSE:Leap:15.6:Images/opensuse-leap-image?rev=25049cab88eae9e94c1aeac7a8f0aee7","or"
http-outgoing-0 << "g.opencontainers.image.title":"openSUSE Leap 15.6 Base Container","org.opencontainers.image.url":"https://www.opensuse.org/","org.opencontainers.image.vendor":"openSUSE Project","org.opencontainers.image.version":"15.6.5.634","org.opensuse.base.created":"2024-08-19T13:51:31.938494769Z","org.opensuse.base.description":"Image containing a minimal environment for containers based on openSUSE Leap 15.6.","org.opensuse.base.disturl":"obs://build.opensuse.org/openSUSE:Leap:15.6:Images/images/25049cab88eae9e94c1aeac7a8f0aee7-opensuse-leap-image:docker","org.opensuse.base.reference":"registry.opensuse.org/opensuse/leap:15.6.5.634","org.opensuse.base.source":"https://build.opensuse.org/package/show/openSUSE:Leap:15.6:Images/opensuse-leap-image?rev=25049cab88eae9e94c1aeac7a8f0aee7","org.opensuse.base.title":"openSUSE Leap 15.6 Base Container","org.opensuse.base.url":"https://www.opensuse.org/","org.opensuse.base.vendor":"openSUSE Project","org.opensuse.base.version":"15.6.5.634","org.opensuse.reference":"registry.opensuse.org/opensuse/leap:15.6.5.634"},"ParentId":"","RepoDigests":["dockerhub-public.svsartifactory.swinfra.net/cafapi/opensuse-jre11@sha256:d8c9c7e2e5378a17d8e1f3c379a4eac5731d3f3f05853e82e37319456384a702"],"RepoTags":["dockerhub-public.svsartifactory.swinfra.net/cafapi/opensuse-jre11:4.1.2","staging-service-3.2.0-SNAPSHOT.project-registries.local/cafapi/opensuse-jre11:latest"],"SharedSize":-1,"Size":441706750,"VirtualSize":441706750},{"Containers":-1,"Created":1726057537,"Id":"sha256:0d3e065d700aeff27916c05138470ba9cc3b031167a3a189798a22c50d14e8fe","Labels":{"authors":"LocalStack Contributors","description":"LocalStack Docker image","maintainer":"LocalStack Team (info@localstack.cloud)"},"ParentId":"","RepoDigests":["dockerhub-public.svsartifactory.swinfra.net/localstack/localstack@sha256:3dac304641a79eab108c56bfff77948001341964223d74e3da947973361c037f"],"RepoTags":null,"SharedSize":-1,"Size":1063642734,"VirtualSize":1063642734},{"Containers":-1,"Created":1726056183,"Id":"sha256:dfbce12d82c004cf7eb8a88157b73a8b8d619b27b83a6c04381c4689d90aff07","Labels":{"Build.Date":"2024-09-11T12:03:02.861Z","Build.Number":"1.0.0-17","Git.Branch":"main","Git.Commit":"d2615797c6af54f9cf7d3d4be2496a6df7ae9e67","Git.Repo":"https://github.com/CAFapi/oraclelinux-base-images"},"ParentId":"","RepoDigests":["dockerhub-public.svsartifactory.swinfra.net/cafapi/oraclelinux-jre21@sha256:23ca581d948e68681b95b2390c3e7a55e6e043046a540983912887f1ece43be4"],"RepoTags":["dockerhub-public.svsartifactory.swinfra.net/cafapi/oraclelinux-jre21:1.0.0","staging-service-3.2.0-SNAPSHOT.project-registries.local/cafapi/oraclelinux-jre21:latest"],"SharedSize":-1,"Size":847516516,"VirtualSize":847516516},{"Containers":-1,"Created":1726022603,"Id":"sha256:2bfdbf6cea4b0bea7802ed7e7599d2c582f31c7335dba05cd57d057fbdb44963","Labels":{"authors":"LocalStack Contributors","description":"LocalStack Docker image","maintainer":"LocalStack Team (info@localstack.cloud)"},"ParentId":"","RepoDigests":["dockerhub-public.svsartifactory.swinfra.net/localstack/localstack@sha256:117895254886be9fa8b37b6ef2486a97eedd8e8c6a8f58cdda7baa941196852a"],"RepoTags":null,"SharedSize":-1,"Size":1063642187,"VirtualSize":1063642187},{"Containers":-1,"Created":1725974259,"Id":"sha256:7020a4aab8d3cc111218c3dc520678584baa8519e220e7044d7b85236b83e370","Labels":{"authors":"LocalStack Contributors","description":"LocalStack Docker image","maintainer":"LocalStack Team (info@localstack.cloud)"},"ParentId":"","RepoDigests":["dockerhub-public.svsartifactory.swinfra.net/localstack/localstack@sha256:7e461c68b5007f4e38a3314c1794b2a8cc8100652bfddcef2effdcd8035aa881"],"RepoTags":null,"SharedSize":-1,"Size":1063672802,"VirtualSize":1063672802},{"Containers":-1,"Created":1725972794,"Id":"sha256:0f51baaf46f5aa3a33a946a3bfcdbfc5316056688deb666a377fbf9cafa5d533","Labels":{"Build.Date":"2024-09-10T12:53:13.431Z","Build.Number":"1.0.0-SNAPSHOT","Git.Branch":"main","Git.Commit":"a429c396cfadf8479463d3875f047c1e3eec5329","Git.Repo":"https://github.com/CAFapi/oraclelinux-base-images"},"ParentId":"","RepoDigests":["dockerhub-public.svsartifactory.swinfra.net/cafapi/prereleases@sha256:6a9d2c9b533c7853c772e2536f6495df3a4aa5cbd90b5fdc4d1660818096bb66"],"RepoTags":["dockerhub-public.svsartifactory.swinfra.net/cafapi/prereleases:oraclelinux-jre21-1.0.0-SNAPSHOT"],"SharedSize":-1,"Size":847516516,"VirtualSize":847516516},{"Containers":-1,"Created":1725961596,"Id":"sha256:485982fe0f588a642a6f0ad6c2f88ec267e3002cda489e0131fbd51de2e111ce","Labels":{"authors":"LocalStack Contributors","description":"LocalStack Docker image","maintainer":"LocalStack Team (info@localstack.cloud)"},"ParentId":"","RepoDigests":["localstack/localstack@sha256:b77caabedf17dac23f5396b3258d28dd45b49efbb65a983478a61f63cbaa9ce5","dockerhub-public.svsartifactory.swinfra.net/localstack/localstack@sha256:b77caabedf17dac23f5396b3258d28dd45b49efbb65a983478a61f63cbaa9ce5"],"RepoTags":["localstack/localstack:latest"],"SharedSize":-1,"Size":1070565868,"VirtualSize":1070565868},{"Containers":-1,"Created":1725959437,"Id":"sha256:7f55743f3339a87e70426d0985f622e353a61fd24f06500f0d0c2467dfa8b29b","Labels":{"Build.Date":"2024-07-08T15:38:09.791Z","Build.Number":"4.1.0-46","Git.Branch":"main","Git.Commit":"882caa035e63738bd488148fb654981ec47f9493","Git.Repo":"https://github.com/CAFapi/opensuse-base-images","org.openbuildservice.disturl":"obs://build.opensuse.org/openSUSE:Leap:15.6:Images/images/25049cab88eae9e94c1aeac7a8f0aee7-opensuse-leap-image:docker","org.opencontainers.image.created":"2024-07-05T10:13:29.257769853Z","org.opencontainers.image.description":"Image containing a minimal environment for containers based on openSUSE Leap 15.6.","org.opencontainers.image.source":"https://build.opensuse.org/package/show/openSUSE:Leap:15.6:Images/opensuse-leap-image?rev=25049cab88eae9e94c1aeac7a8f0aee7","org.opencontainers.image.title":"openSUSE Leap 15.6 Base Container","org.opencontainers.image.url":"https://www.opensuse.org/","org.opencontainers.image.vendor":"openSUSE Project","org.opencontainers.image.version":"15.6.5.622","org.opensuse.base.created":"2024-07-05T10:13:29.257769853Z","org.opensuse.base.description":"Image containing a minimal environment for containers based on openSUSE Leap 15.6.","org.opensuse.base.disturl":"obs://build.opensuse.org/openSUSE:Leap:15.6:Images/images/25049cab88eae9e94c1aeac7a8f0aee7-opensuse-leap-image:docker","org.opensuse.base.reference":"registry.opensuse.org/opensuse/leap:15.6.5.622","org.opensuse.base.source":"https://build.opensuse.org/package/show/openSUSE:Leap:15.6:Images/opensuse-leap-image?rev=25049cab88eae9e94c1aeac7a8f0aee7","org.opensuse.base.title":"openSUSE Leap 15.6 Base Container","org.opensuse.base.url":"https://www.opensuse.org/","org.opensuse.base.vendor":"openSUSE Project","org.opensuse.base.version":"15.6.5.622","org.opensuse.reference":"registry.opensuse.org/opensuse/leap:15.6.5.622"},"ParentId":"sha256:79b8d4e484eda73382f4f62857ea00cedfd98cb3b62612d0679ee56b1ca3c485","RepoDigests":["<none>@<none>"],"RepoTags":["<none>:<none>"],"SharedSize":-1,"Size":535431931,"VirtualSize":535431931},{"Containers":-1,"Created":1725950385,"Id":"sha256:af41dd8b52418fa1d8a4be8d6e830eac67f5fa5db91814f6939345c8c56ebeba","Labels":{"authors":"LocalStack Contributors","description":"LocalStack Docker image","maintainer":"LocalStack Team (info@localstack.cloud)"},"ParentId":"","RepoDigests":["dockerhub-public.svsartifactory.swinfra.net/localstack/localstack@sha256:e0af3678319c55c7ed78c6c208949c8c41b4b1ddc9b929a57112ff1e92f01d7f"],"RepoTags":null,"SharedSize":-1,"Size":1070565826,"VirtualSize":1070565826},{"Containers":-1,"Created":1725891026,"Id":"sha256:0dd8fcf8de5fb9f88703eff3b473f66bf4c7cc4b602555e2cf673d1e73ecdd29","Labels":{"Build.Date":"2024-09-04T12:09:35Z","Build.Number":"1.0.0-SNAPSHOT","Git.Branch":"main","Git.Commit":"df97cb385d6d6dab31c157e23251631fd26632d8","Git.Repo":"https://github.com/CAFapi/oraclelinux-base-images"},"ParentId":"sha256:11f0d979dce16c803df7"
http-outgoing-0 << "803fd99851266328aa391ae0418fb658d521f80d4d1f","RepoDigests":["<none>@<none>"],"RepoTags":["<none>:<none>"],"SharedSize":-1,"Size":981946193,"VirtualSize":981946193},{"Containers":-1,"Created":1725875754,"Id":"sha256:88f179287778c9e84495e02b158c410e3ba6d1cd87e7f336ee9d403cddfce561","Labels":{"authors":"LocalStack Contributors","description":"LocalStack Docker image","maintainer":"LocalStack Team (info@localstack.cloud)"},"ParentId":"","RepoDigests":["dockerhub-public.svsartifactory.swinfra.net/localstack/localstack@sha256:1e783176f1b28c82a07fd3720e5a9d2f2d918b611ad0c1961044b4c033b5eb75"],"RepoTags":null,"SharedSize":-1,"Size":1062759865,"VirtualSize":1062759865},{"Containers":-1,"Created":1725873067,"Id":"sha256:1762ccbbe7e4db20ab0f9168b69c1a9e36e9b9e9811dce4eb1132750cf7fffed","Lab"
http-outgoing-0 << "[\r][\n]"
http-outgoing-0 << "8000[\r][\n]"
http-outgoing-0 << "els":{"authors":"LocalStack Contributors","description":"LocalStack Docker image","maintainer":"LocalStack Team (info@localstack.cloud)"},"ParentId":"","RepoDigests":["dockerhub-public.svsartifactory.swinfra.net/localstack/localstack@sha256:7ceaed5be2d65386a56462ccb5d0447e319b834cfe0aa2c89a062cde2ed64da1"],"RepoTags":null,"SharedSize":-1,"Size":1062759080,"VirtualSize":1062759080},{"Containers":-1,"Created":1725864387,"Id":"sha256:79ec533863dc1ad597e60d4b7812c7cc593c8eff4d6e27370e6e6f6e0de0b614","Labels":{"authors":"LocalStack Contributors","description":"LocalStack Docker image","maintainer":"LocalStack Team (info@localstack.cloud)"},"ParentId":"","RepoDigests":["dockerhub-public.svsartifactory.swinfra.net/localstack/localstack@sha256:7ea72f3320ede6dc2b02ab296e89cfe97a102ed2981b70486374ca097840a889"],"RepoTags":null,"SharedSize":-1,"Size":1062788492,"VirtualSize":1062788492},{"Containers":-1,"Created":1725849925,"Id":"sha256:88aa2449adf37257ac73565e956c104d5b5c2d666034d19023cf7e4965811893","Labels":{"authors":"LocalStack Contributors","description":"LocalStack Docker image","maintainer":"LocalStack Team (info@localstack.cloud)"},"ParentId":"","RepoDigests":["dockerhub-public.svsartifactory.swinfra.net/localstack/localstack@sha256:b2340a8d64f42cbab341084111f8266abdb015d9038da5f6bce060306257ed1e"],"RepoTags":null,"SharedSize":-1,"Size":1062757694,"VirtualSize":1062757694},{"Containers":-1,"Created":1725624023,"Id":"sha256:f3967bc17fe964add7f48d1abafc32186497fc47ebafda4034ca07bc4b487b68","Labels":{"authors":"LocalStack Contributors","description":"LocalStack Docker image","maintainer":"LocalStack Team (info@localstack.cloud)"},"ParentId":"","RepoDigests":["localstack/localstack@sha256:811d4cd67e6cc833cd5849ddaac454abd90c0d0fc00d402f8f82ee47926c5e10","dockerhub-public.svsartifactory.swinfra.net/localstack/localstack@sha256:811d4cd67e6cc833cd5849ddaac454abd90c0d0fc00d402f8f82ee47926c5e10"],"RepoTags":["localstack/localstack:3.7.2","dockerhub-public.svsartifactory.swinfra.net/localstack/localstack:3.7.2"],"SharedSize":-1,"Size":1066557460,"VirtualSize":1066557460},{"Containers":-1,"Created":1725611107,"Id":"sha256:292d7245264f6fa6e6bccd58b4193a096e5c0972bf563c499b92e7c1c854e143","Labels":{"authors":"LocalStack Contributors","description":"LocalStack Docker image","maintainer":"LocalStack Team (info@localstack.cloud)"},"ParentId":"","RepoDigests":["dockerhub-public.svsartifactory.swinfra.net/localstack/localstack@sha256:ca18e5fc4d4ca17af7ab83a3bb1321ff8e17e47b07b982ca3a95a8645e8252f4"],"RepoTags":null,"SharedSize":-1,"Size":1066558031,"VirtualSize":1066558031},{"Containers":-1,"Created":1725590727,"Id":"sha256:fead0950a9f40671254fcd7d1b3ce4df072865c933147686873795f31a0ead55","Labels":{"authors":"LocalStack Contributors","description":"LocalStack Docker image","maintainer":"LocalStack Team (info@localstack.cloud)"},"ParentId":"","RepoDigests":["dockerhub-public.svsartifactory.swinfra.net/localstack/localstack@sha256:e740434b5733ebb927adc7637c834764c9e1fd07aefcf409b7684c5a52e4a8ad"],"RepoTags":null,"SharedSize":-1,"Size":1066557180,"VirtualSize":1066557180},{"Containers":-1,"Created":1725543709,"Id":"sha256:9c3f34dced33eadb33da132d694b66bf93d589420f8a516c4910d1df4f287a3e","Labels":{"authors":"LocalStack Contributors","description":"LocalStack Docker image","maintainer":"LocalStack Team (info@localstack.cloud)"},"ParentId":"","RepoDigests":["dockerhub-public.svsartifactory.swinfra.net/localstack/localstack@sha256:cd3d48520aafe0dce2e1e33e3a5d5b2b6cc9578f5a331edd6d71352b9c7002dc"],"RepoTags":null,"SharedSize":-1,"Size":1066547928,"VirtualSize":1066547928},{"Containers":-1,"Created":1725529366,"Id":"sha256:35a0a515cdaf2144ed95e901e7c34c039a1668091261874f1e0d0137a86ee884","Labels":{"authors":"LocalStack Contributors","description":"LocalStack Docker image","maintainer":"LocalStack Team (info@localstack.cloud)"},"ParentId":"","RepoDigests":["dockerhub-public.svsartifactory.swinfra.net/localstack/localstack@sha256:a8e33813ce47c6c792bec20c05f592e6003974dd2be3a28cfbcdbf5a926ad02c"],"RepoTags":null,"SharedSize":-1,"Size":1066556159,"VirtualSize":1066556159},{"Containers":-1,"Created":1725464639,"Id":"sha256:946ca783a3d2a53c98bbe6ac9b8f1d1bfdca96683529b0e601e6fcb951651430","Labels":{"authors":"LocalStack Contributors","description":"LocalStack Docker image","maintainer":"LocalStack Team (info@localstack.cloud)"},"ParentId":"","RepoDigests":["dockerhub-public.svsartifactory.swinfra.net/localstack/localstack@sha256:536aa63a1ff0ba1416c6d88ab020fb9cf4c2415d32439fc6cc60ce4ee510db0b"],"RepoTags":null,"SharedSize":-1,"Size":1066550162,"VirtualSize":1066550162},{"Containers":-1,"Created":1725459053,"Id":"sha256:ddac2f8f22494d99ff989ad72848f97a72c811b15e276fd328d5012325461436","Labels":{"authors":"LocalStack Contributors","description":"LocalStack Docker image","maintainer":"LocalStack Team (info@localstack.cloud)"},"ParentId":"","RepoDigests":["dockerhub-public.svsartifactory.swinfra.net/localstack/localstack@sha256:0634199515234b27be65084ab979f3cb53e8625758cf60f85fcd36bc3f0fc0a3"],"RepoTags":null,"SharedSize":-1,"Size":1066548752,"VirtualSize":1066548752},{"Containers":-1,"Created":1725452280,"Id":"sha256:111170bd0b4456c7a331237ab46caeedba325ef8dd4eab082f2ae6aec2a29ef1","Labels":{"authors":"LocalStack Contributors","description":"LocalStack Docker image","maintainer":"LocalStack Team (info@localstack.cloud)"},"ParentId":"","RepoDigests":["dockerhub-public.svsartifactory.swinfra.net/localstack/localstack@sha256:d9d640bd0f93b0baaf89d68c961817c3a032826d86f512f85e84c298ca80a499"],"RepoTags":null,"SharedSize":-1,"Size":1066548097,"VirtualSize":1066548097},{"Containers":-1,"Created":1725451775,"Id":"sha256:fe9e5dce55ccee79c53223284290463795b8e35b892eec74535a1979907c6fe6","Labels":{"Build.Date":"2024-09-04T12:09:35Z","Build.Number":"1.0.0-SNAPSHOT","Git.Branch":"main","Git.Commit":"df97cb385d6d6dab31c157e23251631fd26632d8","Git.Repo":"https://github.com/CAFapi/oraclelinux-base-images"},"ParentId":"","RepoDigests":["dockerhub-public.svsartifactory.swinfra.net/cafapi/prereleases@sha256:5a41afb93b7f46c579ea724b076cd0d261e848a58cbf5e9b7a0414b3b1b09353"],"RepoTags":null,"SharedSize":-1,"Size":855797877,"VirtualSize":855797877},{"Containers":-1,"Created":1725432999,"Id":"sha256:44a7bbdecc5a4957b8771e9fc67a713528f4a3dd1b16e93294da8df882b65084","Labels":{"authors":"LocalStack Contributors","description":"LocalStack Docker image","maintainer":"LocalStack Team (info@localstack.cloud)"},"ParentId":"","RepoDigests":["dockerhub-public.svsartifactory.swinfra.net/localstack/localstack@sha256:2e22c2ddf037728d8b1769f1dc254902077ce00a426a696de69501333f61543f"],"RepoTags":null,"SharedSize":-1,"Size":1066548121,"VirtualSize":1066548121},{"Containers":-1,"Created":1725367900,"Id":"sha256:a32b56073343f16202e88d9764e185f9727d83cb3543e88681004cbaf810fd58","Labels":{"authors":"LocalStack Contributors","description":"LocalStack Docker image","maintainer":"LocalStack Team (info@localstack.cloud)"},"ParentId":"","RepoDigests":["dockerhub-public.svsartifactory.swinfra.net/localstack/localstack@sha256:12471dcbcf482e78a6bfb813b688707aed6d68c7c9155137b3331c46066885cf"],"RepoTags":null,"SharedSize":-1,"Size":1066536823,"VirtualSize":1066536823},{"Containers":-1,"Created":1725031406,"Id":"sha256:f3b93aa36a01ba6311816f9517eda0825f644a21dc865e87f3c51b47ba674bb8","Labels":{"authors":"LocalStack Contributors","description":"LocalStack Docker image","maintainer":"LocalStack Team (info@localstack.cloud)"},"ParentId":"","RepoDigests":["localstack/localstack@sha256:7f4f51bbfcfb42c661b9c02716a3cfcb53433f3c066905329aa911178835b300"],"RepoTags":["localstack/localstack:3.7.1"],"SharedSize":-1,"Size":1059347943,"VirtualSize":1059347943},{"Containers":-1,"Created":1723805658,"Id":"sha256:7915b24faeb1332a9725964d9be04904e723290fb749c27d02670e59963cf8d8","Labels":{"Build.Date":"2024-07-08T15:36:14.457Z","Build.Number":"4.1.0-46","Git.Branch":"main","Git.Commit":"882caa035e63738bd488148fb654981ec47f9493","Git.Repo":"https://github.com/CAFapi/opensuse-base-images","org.openbuildservice.disturl":"obs://build.opensuse.org/openSUSE:Leap:15.6:Images/images/25049cab88eae9e94c1aeac7a8f0aee7-opensuse-leap-image:docker""
http-outgoing-0 << ","org.opencontainers.image.created":"2024-07-05T10:13:29.257769853Z","org.opencontainers.image.description":"Image containing a minimal environment for containers based on openSUSE Leap 15.6.","org.opencontainers.image.source":"https://build.opensuse.org/package/show/openSUSE:Leap:15.6:Images/opensuse-leap-image?rev=25049cab88eae9e94c1aeac7a8f0aee7","org.opencontainers.image.title":"openSUSE Leap 15.6 Base Container","org.opencontainers.image.url":"https://www.opensuse.org/","org.opencontainers.image.vendor":"openSUSE Project","org.opencontainers.image.version":"15.6.5.622","org.opensuse.base.created":"2024-07-05T10:13:29.257769853Z","org.opensuse.base.description":"Image containing a minimal environment for containers based on openSUSE Leap 15.6.","org.opensuse.base.disturl":"obs://build.opensuse.org/openSUSE:Leap:15.6:Images/images/25049cab88eae9e94c1aeac7a8f0aee7-opensuse-leap-image:docker","org.opensuse.base.reference":"registry.opensuse.org/opensuse/leap:15.6.5.622","org.opensuse.base.source":"https://build.opensuse.org/package/show/openSUSE:Leap:15.6:Images/opensuse-leap-image?rev=25049cab88eae9e94c1aeac7a8f0aee7","org.opensuse.base.title":"openSUSE Leap 15.6 Base Container","org.opensuse.base.url":"https://www.opensuse.org/","org.opensuse.base.vendor":"openSUSE Project","org.opensuse.base.version":"15.6.5.622","org.opensuse.reference":"registry.opensuse.org/opensuse/leap:15.6.5.622"},"ParentId":"sha256:8429decb3bf5babda9226b9f6b856c24837346157c2f5171b9651364196a0423","RepoDigests":null,"RepoTags":["worker-test-keystore:8.2.0-SNAPSHOT"],"SharedSize":-1,"Size":400880642,"VirtualSize":400880642},{"Containers":-1,"Created":1723545220,"Id":"sha256:8f232e6701f81444bcdc79d4454e711cdd4a7e59b9e64e7e5e2deb71c67b1949","Labels":{"Build.Date":"2024-08-13T10:33:39.898Z","Build.Number":"4.1.1-58","Git.Branch":"main","Git.Commit":"a5fee574607622b4dde8301433023f4076a94b3c","Git.Repo":"https://github.com/CAFapi/opensuse-base-images","org.openbuildservice.disturl":"obs://build.opensuse.org/openSUSE:Leap:15.6:Images/images/25049cab88eae9e94c1aeac7a8f0aee7-opensuse-leap-image:docker","org.opencontainers.image.created":"2024-07-15T08:02:24.864748360Z","org.opencontainers.image.description":"Image containing a minimal environment for containers based on openSUSE Leap 15.6.","org.opencontainers.image.source":"https://build.opensuse.org/package/show/openSUSE:Leap:15.6:Images/opensuse-leap-image?rev=25049cab88eae9e94c1aeac7a8f0aee7","org.opencontainers.image.title":"openSUSE Leap 15.6 Base Container","org.opencontainers.image.url":"https://www.opensuse.org/","org.opencontainers.image.vendor":"openSUSE Project","org.opencontainers.image.version":"15.6.5.623","org.opensuse.base.created":"2024-07-15T08:02:24.864748360Z","org.opensuse.base.description":"Image containing a minimal environment for containers based on openSUSE Leap 15.6.","org.opensuse.base.disturl":"obs://build.opensuse.org/openSUSE:Leap:15.6:Images/images/25049cab88eae9e94c1aeac7a8f0aee7-opensuse-leap-image:docker","org.opensuse.base.reference":"registry.opensuse.org/opensuse/leap:15.6.5.623","org.opensuse.base.source":"https://build.opensuse.org/package/show/openSUSE:Leap:15.6:Images/opensuse-leap-image?rev=25049cab88eae9e94c1aeac7a8f0aee7","org.opensuse.base.title":"openSUSE Leap 15.6 Base Container","org.opensuse.base.url":"https://www.opensuse.org/","org.opensuse.base.vendor":"openSUSE Project","org.opensuse.base.version":"15.6.5.623","org.opensuse.reference":"registry.opensuse.org/opensuse/leap:15.6.5.623"},"ParentId":"","RepoDigests":["dockerhub-public.svsartifactory.swinfra.net/cafapi/opensuse-jre21@sha256:57531bc26fcdd52b74c343d772cf49b3b5b819b76d9b58935e47684742f671c4"],"RepoTags":["dockerhub-public.svsartifactory.swinfra.net/cafapi/opensuse-jre21:4.1.1"],"SharedSize":-1,"Size":453592221,"VirtualSize":453592221},{"Containers":-1,"Created":1723137628,"Id":"sha256:69092dbdec0ddd9e1860e67be2c040b83cce9ffec785b2f740f34e8eb43178e5","Labels":null,"ParentId":"","RepoDigests":["postgres@sha256:c62fdb7fd6f519ef425c54760894c74e8d0cb04fbf4f7d3d79aafd86bae24edd"],"RepoTags":["postgres:latest"],"SharedSize":-1,"Size":431684341,"VirtualSize":431684341},{"Containers":-1,"Created":1723137628,"Id":"sha256:b781f3a53e61df916d97dffe6669ef32b08515327ee3a398087115385b5178f5","Labels":null,"ParentId":"","RepoDigests":["dockerhub-public.svsartifactory.swinfra.net/library/postgres@sha256:026d0ab72b34310b68160ab9299aa1add5544e4dc3243456b94f83cb1c119c2c"],"RepoTags":["dockerhub-public.svsartifactory.swinfra.net/library/postgres:latest","staging-service-3.2.0-SNAPSHOT.project-registries.local/library/postgres:latest"],"SharedSize":-1,"Size":431696476,"VirtualSize":431696476},{"Containers":-1,"Created":1722604251,"Id":"sha256:d16e70dc5962e46c29ba6cb5f32fdd0f8298897f3db26ce3aa8326716b340075","Labels":{"authors":"LocalStack Contributors","description":"LocalStack Docker image","maintainer":"LocalStack Team (info@localstack.cloud)"},"ParentId":"","RepoDigests":["localstack/localstack@sha256:5042bfb8661a59cfc1e7f45f7ec79514410dad299f174665de60300b0497f7bd"],"RepoTags":null,"SharedSize":-1,"Size":1092212865,"VirtualSize":1092212865},{"Containers":-1,"Created":1722018760,"Id":"sha256:667e9439de8d9b21b0c659c2a8367d1bfa85405391f38770a0fab358b61c3a42","Labels":{"com.microsoft.product":"Microsoft SQL Server","com.microsoft.version":"15.0.4385.2","org.opencontainers.image.ref.name":"ubuntu","org.opencontainers.image.version":"20.04","vendor":"Microsoft"},"ParentId":"","RepoDigests":["mcr.microsoft.com/mssql/server@sha256:d7f2c670f0cd807b4dc466b8887bd2b39a4561f624c154896f5564ea38efd13a"],"RepoTags":["adapter-sdc-2.1.0-SNAPSHOT.project-registries.local/mssql/server:latest","mcr.microsoft.com/mssql/server:2019-latest"],"SharedSize":-1,"Size":1469573634,"VirtualSize":1469573634},{"Containers":-1,"Created":1721687770,"Id":"sha256:a82a8f162e188e0df15b0d2d90c6e9e973af8e88a6cb74b8052122ae5e02325c","Labels":null,"ParentId":"","RepoDigests":["mysql@sha256:86cdfe832c81e39a89cfb63c3fde1683c41cc00ef91e67653c9c1df0ba80f454"],"RepoTags":["mysql:latest"],"SharedSize":-1,"Size":586231665,"VirtualSize":586231665},{"Containers":-1,"Created":1721687220,"Id":"sha256:91dce2778e2dd8d10b7f0788e874976006127847e156f7f40d38694225f43321","Labels":null,"ParentId":"","RepoDigests":["alpine@sha256:ef813b2faa3dd1a37f9ef6ca98347b72cd0f55e4ab29fb90946f1b853bf032d9"],"RepoTags":["alpine:3.17"],"SharedSize":-1,"Size":7081282,"VirtualSize":7081282},{"Containers":-1,"Created":1721259074,"Id":"sha256:9cb0a231560203a9b46325ef6dfe0d21d524813acb74447fd276b9813a9fdd44","Labels":null,"ParentId":"","RepoDigests":["dockerhub-public.svsartifactory.swinfra.net/library/httpd@sha256:ae1124b8d23ee3fc35d49da35d5c748a2fce318d1f55ce59ccab889d612f8be8","dockerhub-public.svsartifactory.swinfra.net/library/httpd@sha256:bfc6b6955671acae12d7e3013d063f4639953ffec54d26c60dd3120030fd3596","dockerhub-public.svsartifactory.swinfra.net/library/httpd@sha256:e0d9d65d36b0c8337359922fad1191ccbe9bcf52d68c819207897e04a3db465b"],"RepoTags":["dockerhub-public.svsartifactory.swinfra.net/library/httpd:2.4","worker-framework-8.2.0-SNAPSHOT.project-registries.local/library/httpd:latest"],"SharedSize":-1,"Size":148177949,"VirtualSize":148177949},{"Containers":-1,"Created":1721259074,"Id":"sha256:a49fd2c04c0236f25b2724476ff48d73af6811f28e0db3765df6bb7f0f88bf7a","Labels":null,"ParentId":"","RepoDigests":["dockerhub-public.svsartifactory.swinfra.net/library/httpd@sha256:3f71777bcfac3df3aff5888a2d78c4104501516300b2e7ecb91ce8de2e3debc7","dockerhub-public.svsartifactory.swinfra.net/library/httpd@sha256:4f061d95913728252cc65736bed271b3addaac4bb622c6b0c05466346c2b4fc2","dockerhub-public.svsartifactory.swinfra.net/library/httpd@sha256:7bb479e5407990e2a8c88c729dec9a159f2f67029581222594d606a3298a7811"],"RepoTags":null,"SharedSize":-1,"Size":148165816,"VirtualSize":148165816},{"Containers":-1,"Created":1721259074,"Id":"sha256:19c71fbb71404e06730aa9bc4ec079eefc63d84d46fa0fa1c768263669adb0d3","Labels":null,"ParentId":"","Repo"
http-outgoing-0 << "Digests":["dockerhub-public.svsartifactory.swinfra.net/library/httpd@sha256:932ac36fabe1d2103ed3edbe66224ed2afe0041b317bcdb6f5d9be63594f0030"],"RepoTags":null,"SharedSize":-1,"Size":148165816,"VirtualSize":148165816},{"Containers":-1,"Created":1721222699,"Id":"sha256:35510bf4133606d0a8308f37b289ebf2d6b24d01eea2534f2e3a7ecde5ec04b4","Labels":{"Build.Date":"2024-07-17T13:59:10.212369429Z","Build.Number":"11.3.0-157","DOCKERFILE":"https://github.com/opensearch-project/opensearch-build/blob/main/docker/release/dockerfiles/opensearch.al2.dockerfile","Git.Branch":"master","Git.Commit":"20657a99e9c1e13102dd16920b039778e854c2ad","Git.Repo":"https://github.houston.softwaregrp.net/caf/opensearch-plugin","org.label-schema.build-date":"2024-07-15T19:34:25Z","org.label-schema.description":"9911","org.label-schema.license":"Apache-2.0","org.label-schema.name":"opensearch","org.label-schema.schema-version":"1.0","org.label-schema.url":"https://opensearch.org","org.label-schema.vcs-url":"https://github.com/opensearch-project/OpenSearch","org.label-schema.vendor":"OpenSearch","org.label-schema.version":"1.3.17"},"ParentId":"","RepoDigests":["saas-docker-release.svsartifactory.swinfra.net/caf/opensearch1-custom@sha256:6ceac338723bf627459cd4cc690cf533353e4ed74041f20a1f3f2f620fa77285"],"RepoTags":["saas-docker-release.svsartifactory.swinfra.net/caf/opensearch1-custom:11.3.0"],"SharedSize":-1,"Size":864284106,"VirtualSize":864284106},{"Containers":-1,"Created":1721060571,"Id":"sha256:e1c72b0438b5e617d269397a7d6e8be66c9cc4c1ed01d4e480f20234eb09b507","Labels":{"org.testcontainers.ryuk":"true"},"ParentId":"","RepoDigests":["testcontainers/ryuk@sha256:bf3f74a47dee0acda89aba4b2fc9c7fdcf994a084db02a2d06566f07baae022e"],"RepoTags":["testcontainers/ryuk:0.8.1"],"SharedSize":-1,"Size":15411053,"VirtualSize":15411053},{"Containers":-1,"Created":1720714423,"Id":"sha256:004f8fbb046cd906f39ce3042e0ade32760907acc60a5acc8bfe2c3623c72937","Labels":{"com.microsoft.product":"Microsoft SQL Server","com.microsoft.version":"16.0.4135.4","org.opencontainers.image.ref.name":"ubuntu","org.opencontainers.image.version":"22.04","vendor":"Microsoft"},"ParentId":"","RepoDigests":["mcr.microsoft.com/mssql/server@sha256:c1aa8afe9b06eab64c9774a4802dcd032205d1be785b1fd51e1c0151e7586b74"],"RepoTags":["mcr.microsoft.com/mssql/server:2022-latest","mcr.microsoft.com/mssql/server:latest"],"SharedSize":-1,"Size":1586810383,"VirtualSize":1586810383},{"Containers":-1,"Created":1720686503,"Id":"sha256:2a33b5182efe5bc3590d917f7ac87ae47ff4a3cd6bf63b14d65bad975b65a2ff","Labels":null,"ParentId":"","RepoDigests":null,"RepoTags":["sqs-mock:latest"],"SharedSize":-1,"Size":116104773,"VirtualSize":116104773},{"Containers":-1,"Created":1720522987,"Id":"sha256:04eaea8b016434edc3f1efc1844a41011f3361f8c84955ba583715e11561c4e7","Labels":{"Build.Date":"2024-06-14T08:07:55.893Z","Build.Number":"7.1.0-1414","Git.Branch":"develop","Git.Commit":"8de9dd0c973bd6caac96aceb3f79e3a39cc1abff","Git.Repo":"https://github.com/CAFDataProcessing/worker-workflow","org.openbuildservice.disturl":"obs://build.opensuse.org/openSUSE:Leap:15.5:Images/images/8d2ff72f5b3e4b5979c7802995bc09b7-opensuse-leap-image:docker","org.opencontainers.image.created":"2024-05-31T05:03:02.271700316Z","org.opencontainers.image.description":"Image containing a minimal environment for containers based on openSUSE Leap 15.5.","org.opencontainers.image.source":"https://build.opensuse.org/package/show/openSUSE:Leap:15.5:Images/opensuse-leap-image?rev=8d2ff72f5b3e4b5979c7802995bc09b7","org.opencontainers.image.title":"openSUSE Leap 15.5 Base Container","org.opencontainers.image.url":"https://www.opensuse.org/","org.opencontainers.image.vendor":"openSUSE Project","org.opencontainers.image.version":"15.5.5.95","org.opensuse.base.created":"2024-05-31T05:03:02.271700316Z","org.opensuse.base.description":"Image containing a minimal environment for containers based on openSUSE Leap 15.5.","org.opensuse.base.disturl":"obs://build.opensuse.org/openSUSE:Leap:15.5:Images/images/8d2ff72f5b3e4b5979c7802995bc09b7-opensuse-leap-image:docker","org.opensuse.base.reference":"registry.opensuse.org/opensuse/leap:15.5.5.95","org.opensuse.base.source":"https://build.opensuse.org/package/show/openSUSE:Leap:15.5:Images/opensuse-leap-image?rev=8d2ff72f5b3e4b5979c7802995bc09b7","org.opensuse.base.title":"openSUSE Leap 15.5 Base Container","org.opensuse.base.url":"https://www.opensuse.org/","org.opensuse.base.vendor":"openSUSE Project","org.opensuse.base.version":"15.5.5.95","org.opensuse.reference":"registry.opensuse.org/opensuse/leap:15.5.5.95"},"ParentId":"sha256:6ad26d3a168b85468eaf2b114cdd5a00abb06b384c792afbc4f51854508df7cd","RepoDigests":null,"RepoTags":["devimages/worker-workflow:10.1.0-SNAPSHOT"],"SharedSize":-1,"Size":530692195,"VirtualSize":530692195},{"Containers":-1,"Created":1720522986,"Id":"sha256:944b32c5c697ace1f0c1db48a7e60f863ee9114ef4cb5a41fb71be01fd99e36d","Labels":{"Build.Date":"2024-06-04T18:37:44.545Z","Build.Number":"4.0.1-29","Git.Branch":"main","Git.Commit":"1d07332826e45d6b4ca021ca66b62e917863ea54","Git.Repo":"https://github.com/CAFapi/opensuse-base-images","org.openbuildservice.disturl":"obs://build.opensuse.org/openSUSE:Leap:15.5:Images/images/8d2ff72f5b3e4b5979c7802995bc09b7-opensuse-leap-image:docker","org.opencontainers.image.created":"2024-05-31T05:03:02.271700316Z","org.opencontainers.image.description":"Image containing a minimal environment for containers based on openSUSE Leap 15.5.","org.opencontainers.image.source":"https://build.opensuse.org/package/show/openSUSE:Leap:15.5:Images/opensuse-leap-image?rev=8d2ff72f5b3e4b5979c7802995bc09b7","org.opencontainers.image.title":"openSUSE Leap 15.5 Base Container","org.opencontainers.image.url":"https://www.opensuse.org/","org.opencontainers.image.vendor":"openSUSE Project","org.opencontainers.image.version":"15.5.5.95","org.opensuse.base.created":"2024-05-31T05:03:02.271700316Z","org.opensuse.base.description":"Image containing a minimal environment for containers based on openSUSE Leap 15.5.","org.opensuse.base.disturl":"obs://build.opensuse.org/openSUSE:Leap:15.5:Images/images/8d2ff72f5b3e4b5979c7802995bc09b7-opensuse-leap-image:docker","org.opensuse.base.reference":"registry.opensuse.org/opensuse/leap:15.5.5.95","org.opensuse.base.source":"https://build.opensuse.org/package/show/openSUSE:Leap:15.5:Images/opensuse-leap-image?rev=8d2ff72f5b3e4b5979c7802995bc09b7","org.opensuse.base.title":"openSUSE Leap 15.5 Base Container","org.opensuse.base.url":"https://www.opensuse.org/","org.opensuse.base.vendor":"openSUSE Project","org.opensuse.base.version":"15.5.5.95","org.opensuse.reference":"registry.opensuse.org/opensuse/leap:15.5.5.95"},"ParentId":"sha256:3b25e3a5e6890f69121e32299eb8f6941673caeea51a545560e0a480f942fd3c","RepoDigests":null,"RepoTags":["darwin-workflow-worker-keystore:10.1.0-SNAPSHOT"],"SharedSize":-1,"Size":401858392,"VirtualSize":401858392},{"Containers":-1,"Created":1720522980,"Id":"sha256:80f39d93c4c430465e4ff9424ac9d17ddaf206bd89334cfeed4dafdde8039514","Labels":null,"ParentId":"sha256:8e202ffaa1a80a0a3b04597687f3925e89a908c3fe6c43240c6e0136c8fe97fc","RepoDigests":null,"RepoTags":["darwin-workflow-worker-haproxy:10.1.0-SNAPSHOT"],"SharedSize":-1,"Size":93320561,"VirtualSize":93320561},{"Containers":-1,"Created":1720522978,"Id":"sha256:437d99dd29cc3335dfcac299c7adc69df8fef811b752ca9483ffcd552b2755b9","Labels":{"Build.Date":"2024-07-03T23:35:12.340791152Z","Build.Number":"11.3.0-SNAPSHOT","DOCKERFILE":"https://github.com/opensearch-project/opensearch-build/blob/main/docker/release/dockerfiles/opensearch.al2.dockerfile","Git.Branch":"master","Git.Commit":"6c4db65efe2b54baa5a7e5b63dc05b7dd2eb158b","Git.Repo":"https://github.houston.softwaregrp.net/caf/opensearch-plugin","org.label-schema.build-date":"2024-06-15T19:33:37Z","org.label-schema.description":"9911","org.label-schema.license":"Apache-2.0","org.label-schema.name":"opensearch","org.label-schema.schema-version":"1.0","org.label-schema.url":"http"
http-outgoing-0 << "s://opensearch.org","org.label-schema.vcs-url":"https://github.com/opensearch-project/OpenSearch","org.label-schema.vendor":"OpenSearch","org.label-schema.version":"1.3.17"},"ParentId":"sha256:a26df9e877278118e76cc3c64549113b49869c0009595d45089e5264a7b50959","RepoDigests":null,"RepoTags":["darwin-workflow-worker-opensearch-custom:10.1.0-SNAPSHOT"],"SharedSize":-1,"Size":864292970,"VirtualSize":864292970},{"Containers":-1,"Created":1720447996,"Id":"sha256:f5c8c57a308f1555d80a2da953e32d5058055ec2243253043bd23b36b8af550d","Labels":{"Build.Date":"2024-07-08T15:38:09.791Z","Build.Number":"4.1.0-46","Git.Branch":"main","Git.Commit":"882caa035e63738bd488148fb654981ec47f9493","Git.Repo":"https://github.com/CAFapi/opensuse-base-images","org.openbuildservice.disturl":"obs://build.opensuse.org/openSUSE:Leap:15.6:Images/images/25049cab88eae9e94c1aeac7a8f0aee7-opensuse-leap-image:docker","org.opencontainers.image.created":"2024-07-05T10:13:29.257769853Z","org.opencontainers.image.description":"Image containing a minimal environment for containers based on openSUSE Leap 15.6.","org.opencontainers.image.source":"https://build.opensuse.org/package/show/openSUSE:Leap:15.6:Images/opensuse-leap-image?rev=25049cab88eae9e94c1aeac7a8f0aee7","org.opencontainers.image.title":"openSUSE Leap 15.6 Base Container","org.opencontainers.image.url":"https://www.opensuse.org/","org.opencontainers.image.vendor":"openSUSE Project","org.opencontainers.image.version":"15.6.5.622","org.opensuse.base.created":"2024-07-05T10:13:29.257769853Z","org.opensuse.base.description":"Image containing a minimal environment for containers based on openSUSE Leap 15.6.","org.opensuse.base.disturl":"obs://build.opensuse.org/openSUSE:Leap:15.6:Images/images/25049cab88eae9e94c1aeac7a8f0aee7-opensuse-leap-image:docker","org.opensuse.base.reference":"registry.opensuse.org/opensuse/leap:15.6.5.622","org.opensuse.base.source":"https://build.opensuse.org/package/show/openSUSE:Leap:15.6:Images/opensuse-leap-image?rev=25049cab88eae9e94c1aeac7a8f0aee7","org.opensuse.base.title":"openSUSE Leap 15.6 Base Container","org.opensuse.base.url":"https://www.opensuse.org/","org.opensuse.base.vendor":"openSUSE Project","org.opensuse.base.version":"15.6.5.622","org.opensuse.reference":"registry.opensuse.org/opensuse/leap:15.6.5.622"},"ParentId":"","RepoDigests":["dockerhub-public.svsartifactory.swinfra.net/cafapi/opensuse-jre17@sha256:ebb4816ac8b80c07f091f30104ae5710e5e624c985cfd41fafc3dbf4c631a5a9"],"RepoTags":["dockerhub-public.svsartifactory.swinfra.net/cafapi/opensuse-jre17:4.1.0","worker-framework-8.2.0-SNAPSHOT.project-registries.local/cafapi/opensuse-jre17:latest"],"SharedSize":-1,"Size":413511285,"VirtualSize":413511285},{"Containers":-1,"Created":1720446897,"Id":"sha256:a3e4ef7fd63bc6c99b9da20c0a427394f46b5e4dced162ad53e525f54ba70a61","Labels":{"Build.Date":"2024-07-08T15:36:14.457Z","Build.Number":"4.1.0-46","Git.Branch":"main","Git.Commit":"882caa035e63738bd488148fb654981ec47f9493","Git.Repo":"https://github.com/CAFapi/opensuse-base-images","org.openbuildservice.disturl":"obs://build.opensuse.org/openSUSE:Leap:15.6:Images/images/25049cab88eae9e94c1aeac7a8f0aee7-opensuse-leap-image:docker","org.opencontainers.image.created":"2024-07-05T10:13:29.257769853Z","org.opencontainers.image.description":"Image containing a minimal environment for containers based on openSUSE Leap 15.6.","org.opencontainers.image.source":"https://build.opensuse.org/package/show/openSUSE:Leap:15.6:Images/opensuse-leap-image?rev=25049cab88eae9e94c1aeac7a8f0aee7","org.opencontainers.image.title":"openSUSE Leap 15.6 Base Container","org.opencontainers.image.url":"https://www.opensuse.org/","org.opencontainers.image.vendor":"openSUSE Project","org.opencontainers.image.version":"15.6.5.622","org.opensuse.base.created":"2024-07-05T10:13:29.257769853Z","org.opensuse.base.description":"Image containing a minimal environment for containers based on openSUSE Leap 15.6.","org.opensuse.base.disturl":"obs://build.opensuse.org/openSUSE:Leap:15.6:Images/images/25049cab88eae9e94c1aeac7a8f0aee7-opensuse-leap-image:docker","org.opensuse.base.reference":"registry.opensuse.org/opensuse/leap:15.6.5.622","org.opensuse.base.source":"https://build.opensuse.org/package/show/openSUSE:Leap:15.6:Images/opensuse-leap-image?rev=25049cab88eae9e94c1aeac7a8f0aee7","org.opensuse.base.title":"openSUSE Leap 15.6 Base Container","org.opensuse.base.url":"https://www.opensuse.org/","org.opensuse.base.vendor":"openSUSE Project","org.opensuse.base.version":"15.6.5.622","org.opensuse.reference":"registry.opensuse.org/opensuse/leap:15.6.5.622"},"ParentId":"","RepoDigests":["dockerhub-public.svsartifactory.swinfra.net/cafapi/opensuse-jre11@sha256:986576a3d9be44555724e9766a8c097bca4eb303f1d1e3536763f14020776a5f"],"RepoTags":["dockerhub-public.svsartifactory.swinfra.net/cafapi/opensuse-jre11:4.1.0","worker-framework-8.2.0-SNAPSHOT.project-registries.local/cafapi/opensuse-jre11:latest"],"SharedSize":-1,"Size":400871914,"VirtualSize":400871914},{"Containers":-1,"Created":1720047615,"Id":"sha256:a26df9e877278118e76cc3c64549113b49869c0009595d45089e5264a7b50959","Labels":{"Build.Date":"2024-07-03T23:35:12.340791152Z","Build.Number":"11.3.0-SNAPSHOT","DOCKERFILE":"https://github.com/opensearch-project/opensearch-build/blob/main/docker/release/dockerfiles/opensearch.al2.dockerfile","Git.Branch":"master","Git.Commit":"6c4db65efe2b54baa5a7e5b63dc05b7dd2eb158b","Git.Repo":"https://github.houston.softwaregrp.net/caf/opensearch-plugin","org.label-schema.build-date":"2024-06-15T19
[...]
com.hpe.caf.api.worker.TaskRejectedException: REJECTED
	at com.hpe.caf.worker.queue.sqs.util.StubbedTaskCallback.registerNewTask(StubbedTaskCallback.java:43)
	at com.hpe.caf.worker.queue.sqs.consumer.QueueConsumer.registerNewTask(QueueConsumer.java:192)
	at com.hpe.caf.worker.queue.sqs.consumer.QueueConsumer.receiveMessages(QueueConsumer.java:139)
	at com.hpe.caf.worker.queue.sqs.consumer.QueueConsumer.run(QueueConsumer.java:110)
	at java.base/java.lang.Thread.run(Thread.java:840)
]]></system-out>
  </testcase>
  <testcase name="testAttemptToChangeVisibilityWithInvalidReceiptHandleDoesNotCrashProcess" classname="com.hpe.caf.worker.queue.sqs.VisibilityIT" time="0.091">
    <system-out><![CDATA[inputQueueInfo QueueInfo[name=test-visibility-after-retention-period-expires, url=http://sqs.us-east-1.localhost:4566/000000000000/test-visibility-after-retention-period-expires, arn=arn:aws:sqs:us-east-1:000000000000:test-visibility-after-retention-period-expires]
deadLetterQueueInfo QueueInfo[name=test-visibility-after-retention-period-expires-dlq, url=http://sqs.us-east-1.localhost:4566/000000000000/test-visibility-after-retention-period-expires-dlq, arn=arn:aws:sqs:us-east-1:000000000000:test-visibility-after-retention-period-expires-dlq]
Calculated receive batch size: 1
Received 1 messages from queue test-visibility-after-retention-period-expires 
[Yjk4NjVkY2YtMmIwOS00YzI3LTg4NmQtNDBhOWNmN2Y2OTJjIGFybjphd3M6c3FzOnVzLWVhc3QtMTowMDAwMDAwMDAwMDA6dGVzdC12aXNpYmlsaXR5LWFmdGVyLXJldGVudGlvbi1wZXJpb2QtZXhwaXJlcyBkOWVhNTQ3Yi0yZTYwLTQxMTAtYWFiZC1lNTBjNzQ4YWJmNWQgMTcyNzA4MDk3OC4zMzE1NTA0]
Watching Yjk4NjVkY2YtMmIwOS00YzI3LTg4NmQtNDBhOWNmN2Y2OTJjIGFybjphd3M6c3FzOnVzLWVhc3QtMTowMDAwMDAwMDAwMDA6dGVzdC12aXNpYmlsaXR5LWFmdGVyLXJldGVudGlvbi1wZXJpb2QtZXhwaXJlcyBkOWVhNTQ3Yi0yZTYwLTQxMTAtYWFiZC1lNTBjNzQ4YWJmNWQgMTcyNzA4MDk3OC4zMzE1NTA0
queue test-visibility-after-retention-period-expires now has 1 tasks inflight
]]></system-out>
  </testcase>
  <testcase name="testExtendingMultipleMessages" classname="com.hpe.caf.worker.queue.sqs.VisibilityIT" time="17.089">
    <system-out><![CDATA[inputQueueInfo QueueInfo[name=keep-extending-visibility, url=http://sqs.us-east-1.localhost:4566/000000000000/keep-extending-visibility, arn=arn:aws:sqs:us-east-1:000000000000:keep-extending-visibility]
deadLetterQueueInfo QueueInfo[name=keep-extending-visibility-dlq, url=http://sqs.us-east-1.localhost:4566/000000000000/keep-extending-visibility-dlq, arn=arn:aws:sqs:us-east-1:000000000000:keep-extending-visibility-dlq]
Calculated receive batch size: 10
Received 1 messages from queue keep-extending-visibility 
[ZmUxOTY4MGQtYjc2ZC00YWI1LThjZTAtMTJmNTY0OWNjMzk0IGFybjphd3M6c3FzOnVzLWVhc3QtMTowMDAwMDAwMDAwMDA6a2VlcC1leHRlbmRpbmctdmlzaWJpbGl0eSBjMDAyNzUzZS04ODAyLTRkYjItOGZjNC03ZWRhYzUyOGNmNDcgMTcyNzA4MDk3OC40MTkyMjEy]
Watching ZmUxOTY4MGQtYjc2ZC00YWI1LThjZTAtMTJmNTY0OWNjMzk0IGFybjphd3M6c3FzOnVzLWVhc3QtMTowMDAwMDAwMDAwMDA6a2VlcC1leHRlbmRpbmctdmlzaWJpbGl0eSBjMDAyNzUzZS04ODAyLTRkYjItOGZjNC03ZWRhYzUyOGNmNDcgMTcyNzA4MDk3OC40MTkyMjEy
queue keep-extending-visibility now has 1 tasks inflight
Received 1 messages from queue keep-extending-visibility 
[ZGQ0OTMxMDAtZmE5NC00NTJlLWFkNTEtMTI1NWFhNjM1MjI3IGFybjphd3M6c3FzOnVzLWVhc3QtMTowMDAwMDAwMDAwMDA6a2VlcC1leHRlbmRpbmctdmlzaWJpbGl0eSA3YzFmMGQzMC01ZjRhLTQwZDUtODI3ZS1lMGE1MDlhNmExNjggMTcyNzA4MDk3OS40MzIyNTk=]
Watching ZGQ0OTMxMDAtZmE5NC00NTJlLWFkNTEtMTI1NWFhNjM1MjI3IGFybjphd3M6c3FzOnVzLWVhc3QtMTowMDAwMDAwMDAwMDA6a2VlcC1leHRlbmRpbmctdmlzaWJpbGl0eSA3YzFmMGQzMC01ZjRhLTQwZDUtODI3ZS1lMGE1MDlhNmExNjggMTcyNzA4MDk3OS40MzIyNTk=
queue keep-extending-visibility now has 2 tasks inflight
Extended timeout to:Mon Sep 23 09:43:10 BST 2024 for:ZmUxOTY4MGQtYjc2ZC00YWI1LThjZTAtMTJmNTY0OWNjMzk0IGFybjphd3M6c3FzOnVzLWVhc3QtMTowMDAwMDAwMDAwMDA6a2VlcC1leHRlbmRpbmctdmlzaWJpbGl0eSBjMDAyNzUzZS04ODAyLTRkYjItOGZjNC03ZWRhYzUyOGNmNDcgMTcyNzA4MDk3OC40MTkyMjEy
Extended timeout to:Mon Sep 23 09:43:10 BST 2024 for:ZGQ0OTMxMDAtZmE5NC00NTJlLWFkNTEtMTI1NWFhNjM1MjI3IGFybjphd3M6c3FzOnVzLWVhc3QtMTowMDAwMDAwMDAwMDA6a2VlcC1leHRlbmRpbmctdmlzaWJpbGl0eSA3YzFmMGQzMC01ZjRhLTQwZDUtODI3ZS1lMGE1MDlhNmExNjggMTcyNzA4MDk3OS40MzIyNTk=
Received 1 messages from queue keep-extending-visibility 
[Nzk1ZWM4ZGQtMzA2MS00NjAwLTk3YzAtMjg3NmEzNjFhNTkyIGFybjphd3M6c3FzOnVzLWVhc3QtMTowMDAwMDAwMDAwMDA6a2VlcC1leHRlbmRpbmctdmlzaWJpbGl0eSA5MjU3NmUxZC1hYTdkLTQyN2ItOTVmYS02ODc3YmQ5OGIyNTcgMTcyNzA4MDk4MC40MzM4NDM2]
Watching Nzk1ZWM4ZGQtMzA2MS00NjAwLTk3YzAtMjg3NmEzNjFhNTkyIGFybjphd3M6c3FzOnVzLWVhc3QtMTowMDAwMDAwMDAwMDA6a2VlcC1leHRlbmRpbmctdmlzaWJpbGl0eSA5MjU3NmUxZC1hYTdkLTQyN2ItOTVmYS02ODc3YmQ5OGIyNTcgMTcyNzA4MDk4MC40MzM4NDM2
queue keep-extending-visibility now has 3 tasks inflight
Received 1 messages from queue keep-extending-visibility 
[ZGM4OWI0NTEtNmExOS00ZmFkLTgwYmYtNmViMGM1YzRmN2YwIGFybjphd3M6c3FzOnVzLWVhc3QtMTowMDAwMDAwMDAwMDA6a2VlcC1leHRlbmRpbmctdmlzaWJpbGl0eSA2MjI1NjVhZi0wM2JmLTQ2ZGYtYTYwNC05MGQ3ODI2NThmOGEgMTcyNzA4MDk4MS40Mzc4NQ==]
Watching ZGM4OWI0NTEtNmExOS00ZmFkLTgwYmYtNmViMGM1YzRmN2YwIGFybjphd3M6c3FzOnVzLWVhc3QtMTowMDAwMDAwMDAwMDA6a2VlcC1leHRlbmRpbmctdmlzaWJpbGl0eSA2MjI1NjVhZi0wM2JmLTQ2ZGYtYTYwNC05MGQ3ODI2NThmOGEgMTcyNzA4MDk4MS40Mzc4NQ==
queue keep-extending-visibility now has 4 tasks inflight
Extended timeout to:Mon Sep 23 09:43:12 BST 2024 for:Nzk1ZWM4ZGQtMzA2MS00NjAwLTk3YzAtMjg3NmEzNjFhNTkyIGFybjphd3M6c3FzOnVzLWVhc3QtMTowMDAwMDAwMDAwMDA6a2VlcC1leHRlbmRpbmctdmlzaWJpbGl0eSA5MjU3NmUxZC1hYTdkLTQyN2ItOTVmYS02ODc3YmQ5OGIyNTcgMTcyNzA4MDk4MC40MzM4NDM2
Extended timeout to:Mon Sep 23 09:43:12 BST 2024 for:ZGM4OWI0NTEtNmExOS00ZmFkLTgwYmYtNmViMGM1YzRmN2YwIGFybjphd3M6c3FzOnVzLWVhc3QtMTowMDAwMDAwMDAwMDA6a2VlcC1leHRlbmRpbmctdmlzaWJpbGl0eSA2MjI1NjVhZi0wM2JmLTQ2ZGYtYTYwNC05MGQ3ODI2NThmOGEgMTcyNzA4MDk4MS40Mzc4NQ==
Extended timeout to:Mon Sep 23 09:43:12 BST 2024 for:ZmUxOTY4MGQtYjc2ZC00YWI1LThjZTAtMTJmNTY0OWNjMzk0IGFybjphd3M6c3FzOnVzLWVhc3QtMTowMDAwMDAwMDAwMDA6a2VlcC1leHRlbmRpbmctdmlzaWJpbGl0eSBjMDAyNzUzZS04ODAyLTRkYjItOGZjNC03ZWRhYzUyOGNmNDcgMTcyNzA4MDk3OC40MTkyMjEy
Extended timeout to:Mon Sep 23 09:43:12 BST 2024 for:ZGQ0OTMxMDAtZmE5NC00NTJlLWFkNTEtMTI1NWFhNjM1MjI3IGFybjphd3M6c3FzOnVzLWVhc3QtMTowMDAwMDAwMDAwMDA6a2VlcC1leHRlbmRpbmctdmlzaWJpbGl0eSA3YzFmMGQzMC01ZjRhLTQwZDUtODI3ZS1lMGE1MDlhNmExNjggMTcyNzA4MDk3OS40MzIyNTk=
Received 1 messages from queue keep-extending-visibility 
[Y2E4MTJhM2EtYjk1Mi00N2ZhLTlmYWQtMmFlZGU1OGRmNmQ1IGFybjphd3M6c3FzOnVzLWVhc3QtMTowMDAwMDAwMDAwMDA6a2VlcC1leHRlbmRpbmctdmlzaWJpbGl0eSA4ODkxMDIzNS05NmE3LTQ1ZDAtYjk4OC00YzA3MGI4ZDZiZWMgMTcyNzA4MDk4Mi40NDYzMjYz]
Watching Y2E4MTJhM2EtYjk1Mi00N2ZhLTlmYWQtMmFlZGU1OGRmNmQ1IGFybjphd3M6c3FzOnVzLWVhc3QtMTowMDAwMDAwMDAwMDA6a2VlcC1leHRlbmRpbmctdmlzaWJpbGl0eSA4ODkxMDIzNS05NmE3LTQ1ZDAtYjk4OC00YzA3MGI4ZDZiZWMgMTcyNzA4MDk4Mi40NDYzMjYz
queue keep-extending-visibility now has 5 tasks inflight
Extended timeout to:Mon Sep 23 09:43:14 BST 2024 for:Y2E4MTJhM2EtYjk1Mi00N2ZhLTlmYWQtMmFlZGU1OGRmNmQ1IGFybjphd3M6c3FzOnVzLWVhc3QtMTowMDAwMDAwMDAwMDA6a2VlcC1leHRlbmRpbmctdmlzaWJpbGl0eSA4ODkxMDIzNS05NmE3LTQ1ZDAtYjk4OC00YzA3MGI4ZDZiZWMgMTcyNzA4MDk4Mi40NDYzMjYz
Extended timeout to:Mon Sep 23 09:43:14 BST 2024 for:Nzk1ZWM4ZGQtMzA2MS00NjAwLTk3YzAtMjg3NmEzNjFhNTkyIGFybjphd3M6c3FzOnVzLWVhc3QtMTowMDAwMDAwMDAwMDA6a2VlcC1leHRlbmRpbmctdmlzaWJpbGl0eSA5MjU3NmUxZC1hYTdkLTQyN2ItOTVmYS02ODc3YmQ5OGIyNTcgMTcyNzA4MDk4MC40MzM4NDM2
Extended timeout to:Mon Sep 23 09:43:14 BST 2024 for:ZGM4OWI0NTEtNmExOS00ZmFkLTgwYmYtNmViMGM1YzRmN2YwIGFybjphd3M6c3FzOnVzLWVhc3QtMTowMDAwMDAwMDAwMDA6a2VlcC1leHRlbmRpbmctdmlzaWJpbGl0eSA2MjI1NjVhZi0wM2JmLTQ2ZGYtYTYwNC05MGQ3ODI2NThmOGEgMTcyNzA4MDk4MS40Mzc4NQ==
Extended timeout to:Mon Sep 23 09:43:14 BST 2024 for:ZmUxOTY4MGQtYjc2ZC00YWI1LThjZTAtMTJmNTY0OWNjMzk0IGFybjphd3M6c3FzOnVzLWVhc3QtMTowMDAwMDAwMDAwMDA6a2VlcC1leHRlbmRpbmctdmlzaWJpbGl0eSBjMDAyNzUzZS04ODAyLTRkYjItOGZjNC03ZWRhYzUyOGNmNDcgMTcyNzA4MDk3OC40MTkyMjEy
Extended timeout to:Mon Sep 23 09:43:14 BST 2024 for:ZGQ0OTMxMDAtZmE5NC00NTJlLWFkNTEtMTI1NWFhNjM1MjI3IGFybjphd3M6c3FzOnVzLWVhc3QtMTowMDAwMDAwMDAwMDA6a2VlcC1leHRlbmRpbmctdmlzaWJpbGl0eSA3YzFmMGQzMC01ZjRhLTQwZDUtODI3ZS1lMGE1MDlhNmExNjggMTcyNzA4MDk3OS40MzIyNTk=
Extended timeout to:Mon Sep 23 09:43:16 BST 2024 for:Y2E4MTJhM2EtYjk1Mi00N2ZhLTlmYWQtMmFlZGU1OGRmNmQ1IGFybjphd3M6c3FzOnVzLWVhc3QtMTowMDAwMDAwMDAwMDA6a2VlcC1leHRlbmRpbmctdmlzaWJpbGl0eSA4ODkxMDIzNS05NmE3LTQ1ZDAtYjk4OC00YzA3MGI4ZDZiZWMgMTcyNzA4MDk4Mi40NDYzMjYz
Extended timeout to:Mon Sep 23 09:43:16 BST 2024 for:Nzk1ZWM4ZGQtMzA2MS00NjAwLTk3YzAtMjg3NmEzNjFhNTkyIGFybjphd3M6c3FzOnVzLWVhc3QtMTowMDAwMDAwMDAwMDA6a2VlcC1leHRlbmRpbmctdmlzaWJpbGl0eSA5MjU3NmUxZC1hYTdkLTQyN2ItOTVmYS02ODc3YmQ5OGIyNTcgMTcyNzA4MDk4MC40MzM4NDM2
Extended timeout to:Mon Sep 23 09:43:16 BST 2024 for:ZGM4OWI0NTEtNmExOS00ZmFkLTgwYmYtNmViMGM1YzRmN2YwIGFybjphd3M6c3FzOnVzLWVhc3QtMTowMDAwMDAwMDAwMDA6a2VlcC1leHRlbmRpbmctdmlzaWJpbGl0eSA2MjI1NjVhZi0wM2JmLTQ2ZGYtYTYwNC05MGQ3ODI2NThmOGEgMTcyNzA4MDk4MS40Mzc4NQ==
Extended timeout to:Mon Sep 23 09:43:16 BST 2024 for:ZmUxOTY4MGQtYjc2ZC00YWI1LThjZTAtMTJmNTY0OWNjMzk0IGFybjphd3M6c3FzOnVzLWVhc3QtMTowMDAwMDAwMDAwMDA6a2VlcC1leHRlbmRpbmctdmlzaWJpbGl0eSBjMDAyNzUzZS04ODAyLTRkYjItOGZjNC03ZWRhYzUyOGNmNDcgMTcyNzA4MDk3OC40MTkyMjEy
Extended timeout to:Mon Sep 23 09:43:16 BST 2024 for:ZGQ0OTMxMDAtZmE5NC00NTJlLWFkNTEtMTI1NWFhNjM1MjI3IGFybjphd3M6c3FzOnVzLWVhc3QtMTowMDAwMDAwMDAwMDA6a2VlcC1leHRlbmRpbmctdmlzaWJpbGl0eSA3YzFmMGQzMC01ZjRhLTQwZDUtODI3ZS1lMGE1MDlhNmExNjggMTcyNzA4MDk3OS40MzIyNTk=
Extended timeout to:Mon Sep 23 09:43:18 BST 2024 for:Y2E4MTJhM2EtYjk1Mi00N2ZhLTlmYWQtMmFlZGU1OGRmNmQ1IGFybjphd3M6c3FzOnVzLWVhc3QtMTowMDAwMDAwMDAwMDA6a2VlcC1leHRlbmRpbmctdmlzaWJpbGl0eSA4ODkxMDIzNS05NmE3LTQ1ZDAtYjk4OC00YzA3MGI4ZDZiZWMgMTcyNzA4MDk4Mi40NDYzMjYz
Extended timeout to:Mon Sep 23 09:43:18 BST 2024 for:Nzk1ZWM4ZGQtMzA2MS00NjAwLTk3YzAtMjg3NmEzNjFhNTkyIGFybjphd3M6c3FzOnVzLWVhc3QtMTowMDAwMDAwMDAwMDA6a2VlcC1leHRlbmRpbmctdmlzaWJpbGl0eSA5MjU3NmUxZC1hYTdkLTQyN2ItOTVmYS02ODc3YmQ5OGIyNTcgMTcyNzA4MDk4MC40MzM4NDM2
Extended timeout to:Mon Sep 23 09:43:18 BST 2024 for:ZGM4OWI0NTEtNmExOS00ZmFkLTgwYmYtNmViMGM1YzRmN2YwIGFybjphd3M6c3FzOnVzLWVhc3QtMTowMDAwMDAwMDAwMDA6a2VlcC1leHRlbmRpbmctdmlzaWJpbGl0eSA2MjI1NjVhZi0wM2JmLTQ2ZGYtYTYwNC05MGQ3ODI2NThmOGEgMTcyNzA4MDk4MS40Mzc4NQ==
Extended timeout to:Mon Sep 23 09:43:18 BST 2024 for:ZmUxOTY4MGQtYjc2ZC00YWI1LThjZTAtMTJmNTY0OWNjMzk0IGFybjphd3M6c3FzOnVzLWVhc3QtMTowMDAwMDAwMDAwMDA6a2VlcC1leHRlbmRpbmctdmlzaWJpbGl0eSBjMDAyNzUzZS04ODAyLTRkYjItOGZjNC03ZWRhYzUyOGNmNDcgMTcyNzA4MDk3OC40MTkyMjEy
Extended timeout to:Mon Sep 23 09:43:18 BST 2024 for:ZGQ0OTMxMDAtZmE5NC00NTJlLWFkNTEtMTI1NWFhNjM1MjI3IGFybjphd3M6c3FzOnVzLWVhc3QtMTowMDAwMDAwMDAwMDA6a2VlcC1leHRlbmRpbmctdmlzaWJpbGl0eSA3YzFmMGQzMC01ZjRhLTQwZDUtODI3ZS1lMGE1MDlhNmExNjggMTcyNzA4MDk3OS40MzIyNTk=
Extended timeout to:Mon Sep 23 09:43:20 BST 2024 for:Y2E4MTJhM2EtYjk1Mi00N2ZhLTlmYWQtMmFlZGU1OGRmNmQ1IGFybjphd3M6c3FzOnVzLWVhc3QtMTowMDAwMDAwMDAwMDA6a2VlcC1leHRlbmRpbmctdmlzaWJpbGl0eSA4ODkxMDIzNS05NmE3LTQ1ZDAtYjk4OC00YzA3MGI4ZDZiZWMgMTcyNzA4MDk4Mi40NDYzMjYz
Extended timeout to:Mon Sep 23 09:43:20 BST 2024 for:Nzk1ZWM4ZGQtMzA2MS00NjAwLTk3YzAtMjg3NmEzNjFhNTkyIGFybjphd3M6c3FzOnVzLWVhc3QtMTowMDAwMDAwMDAwMDA6a2VlcC1leHRlbmRpbmctdmlzaWJpbGl0eSA5MjU3NmUxZC1hYTdkLTQyN2ItOTVmYS02ODc3YmQ5OGIyNTcgMTcyNzA4MDk4MC40MzM4NDM2
Extended timeout to:Mon Sep 23 09:43:20 BST 2024 for:ZGM4OWI0NTEtNmExOS00ZmFkLTgwYmYtNmViMGM1YzRmN2YwIGFybjphd3M6c3FzOnVzLWVhc3QtMTowMDAwMDAwMDAwMDA6a2VlcC1leHRlbmRpbmctdmlzaWJpbGl0eSA2MjI1NjVhZi0wM2JmLTQ2ZGYtYTYwNC05MGQ3ODI2NThmOGEgMTcyNzA4MDk4MS40Mzc4NQ==
Extended timeout to:Mon Sep 23 09:43:20 BST 2024 for:ZmUxOTY4MGQtYjc2ZC00YWI1LThjZTAtMTJmNTY0OWNjMzk0IGFybjphd3M6c3FzOnVzLWVhc3QtMTowMDAwMDAwMDAwMDA6a2VlcC1leHRlbmRpbmctdmlzaWJpbGl0eSBjMDAyNzUzZS04ODAyLTRkYjItOGZjNC03ZWRhYzUyOGNmNDcgMTcyNzA4MDk3OC40MTkyMjEy
Extended timeout to:Mon Sep 23 09:43:20 BST 2024 for:ZGQ0OTMxMDAtZmE5NC00NTJlLWFkNTEtMTI1NWFhNjM1MjI3IGFybjphd3M6c3FzOnVzLWVhc3QtMTowMDAwMDAwMDAwMDA6a2VlcC1leHRlbmRpbmctdmlzaWJpbGl0eSA3YzFmMGQzMC01ZjRhLTQwZDUtODI3ZS1lMGE1MDlhNmExNjggMTcyNzA4MDk3OS40MzIyNTk=
Extended timeout to:Mon Sep 23 09:43:22 BST 2024 for:Y2E4MTJhM2EtYjk1Mi00N2ZhLTlmYWQtMmFlZGU1OGRmNmQ1IGFybjphd3M6c3FzOnVzLWVhc3QtMTowMDAwMDAwMDAwMDA6a2VlcC1leHRlbmRpbmctdmlzaWJpbGl0eSA4ODkxMDIzNS05NmE3LTQ1ZDAtYjk4OC00YzA3MGI4ZDZiZWMgMTcyNzA4MDk4Mi40NDYzMjYz
Extended timeout to:Mon Sep 23 09:43:22 BST 2024 for:Nzk1ZWM4ZGQtMzA2MS00NjAwLTk3YzAtMjg3NmEzNjFhNTkyIGFybjphd3M6c3FzOnVzLWVhc3QtMTowMDAwMDAwMDAwMDA6a2VlcC1leHRlbmRpbmctdmlzaWJpbGl0eSA5MjU3NmUxZC1hYTdkLTQyN2ItOTVmYS02ODc3YmQ5OGIyNTcgMTcyNzA4MDk4MC40MzM4NDM2
Extended timeout to:Mon Sep 23 09:43:22 BST 2024 for:ZGM4OWI0NTEtNmExOS00ZmFkLTgwYmYtNmViMGM1YzRmN2YwIGFybjphd3M6c3FzOnVzLWVhc3QtMTowMDAwMDAwMDAwMDA6a2VlcC1leHRlbmRpbmctdmlzaWJpbGl0eSA2MjI1NjVhZi0wM2JmLTQ2ZGYtYTYwNC05MGQ3ODI2NThmOGEgMTcyNzA4MDk4MS40Mzc4NQ==
Extended timeout to:Mon Sep 23 09:43:22 BST 2024 for:ZmUxOTY4MGQtYjc2ZC00YWI1LThjZTAtMTJmNTY0OWNjMzk0IGFybjphd3M6c3FzOnVzLWVhc3QtMTowMDAwMDAwMDAwMDA6a2VlcC1leHRlbmRpbmctdmlzaWJpbGl0eSBjMDAyNzUzZS04ODAyLTRkYjItOGZjNC03ZWRhYzUyOGNmNDcgMTcyNzA4MDk3OC40MTkyMjEy
Extended timeout to:Mon Sep 23 09:43:22 BST 2024 for:ZGQ0OTMxMDAtZmE5NC00NTJlLWFkNTEtMTI1NWFhNjM1MjI3IGFybjphd3M6c3FzOnVzLWVhc3QtMTowMDAwMDAwMDAwMDA6a2VlcC1leHRlbmRpbmctdmlzaWJpbGl0eSA3YzFmMGQzMC01ZjRhLTQwZDUtODI3ZS1lMGE1MDlhNmExNjggMTcyNzA4MDk3OS40MzIyNTk=
Extended timeout to:Mon Sep 23 09:43:24 BST 2024 for:Y2E4MTJhM2EtYjk1Mi00N2ZhLTlmYWQtMmFlZGU1OGRmNmQ1IGFybjphd3M6c3FzOnVzLWVhc3QtMTowMDAwMDAwMDAwMDA6a2VlcC1leHRlbmRpbmctdmlzaWJpbGl0eSA4ODkxMDIzNS05NmE3LTQ1ZDAtYjk4OC00YzA3MGI4ZDZiZWMgMTcyNzA4MDk4Mi40NDYzMjYz
Extended timeout to:Mon Sep 23 09:43:24 BST 2024 for:Nzk1ZWM4ZGQtMzA2MS00NjAwLTk3YzAtMjg3NmEzNjFhNTkyIGFybjphd3M6c3FzOnVzLWVhc3QtMTowMDAwMDAwMDAwMDA6a2VlcC1leHRlbmRpbmctdmlzaWJpbGl0eSA5MjU3NmUxZC1hYTdkLTQyN2ItOTVmYS02ODc3YmQ5OGIyNTcgMTcyNzA4MDk4MC40MzM4NDM2
Extended timeout to:Mon Sep 23 09:43:24 BST 2024 for:ZGM4OWI0NTEtNmExOS00ZmFkLTgwYmYtNmViMGM1YzRmN2YwIGFybjphd3M6c3FzOnVzLWVhc3QtMTowMDAwMDAwMDAwMDA6a2VlcC1leHRlbmRpbmctdmlzaWJpbGl0eSA2MjI1NjVhZi0wM2JmLTQ2ZGYtYTYwNC05MGQ3ODI2NThmOGEgMTcyNzA4MDk4MS40Mzc4NQ==
Extended timeout to:Mon Sep 23 09:43:24 BST 2024 for:ZmUxOTY4MGQtYjc2ZC00YWI1LThjZTAtMTJmNTY0OWNjMzk0IGFybjphd3M6c3FzOnVzLWVhc3QtMTowMDAwMDAwMDAwMDA6a2VlcC1leHRlbmRpbmctdmlzaWJpbGl0eSBjMDAyNzUzZS04ODAyLTRkYjItOGZjNC03ZWRhYzUyOGNmNDcgMTcyNzA4MDk3OC40MTkyMjEy
Extended timeout to:Mon Sep 23 09:43:24 BST 2024 for:ZGQ0OTMxMDAtZmE5NC00NTJlLWFkNTEtMTI1NWFhNjM1MjI3IGFybjphd3M6c3FzOnVzLWVhc3QtMTowMDAwMDAwMDAwMDA6a2VlcC1leHRlbmRpbmctdmlzaWJpbGl0eSA3YzFmMGQzMC01ZjRhLTQwZDUtODI3ZS1lMGE1MDlhNmExNjggMTcyNzA4MDk3OS40MzIyNTk=
]]></system-out>
  </testcase>
  <testcase name="testExtensionForSingleMessages" classname="com.hpe.caf.worker.queue.sqs.VisibilityIT" time="10.058">
    <system-out><![CDATA[inputQueueInfo QueueInfo[name=test-extending-single-message, url=http://sqs.us-east-1.localhost:4566/000000000000/test-extending-single-message, arn=arn:aws:sqs:us-east-1:000000000000:test-extending-single-message]
deadLetterQueueInfo QueueInfo[name=test-extending-single-message-dlq, url=http://sqs.us-east-1.localhost:4566/000000000000/test-extending-single-message-dlq, arn=arn:aws:sqs:us-east-1:000000000000:test-extending-single-message-dlq]
Calculated receive batch size: 1
Received 1 messages from queue test-extending-single-message 
[NjdmYjllMWUtMTRhNi00ZDExLTgxMjYtM2Y2ZWNlNGRjMDUzIGFybjphd3M6c3FzOnVzLWVhc3QtMTowMDAwMDAwMDAwMDA6dGVzdC1leHRlbmRpbmctc2luZ2xlLW1lc3NhZ2UgYWM2MDJmZTQtODA4Yi00MTM5LTgwNWQtZTZkYTE5NzAxM2RlIDE3MjcwODA5OTUuNTAwMTYz]
Watching NjdmYjllMWUtMTRhNi00ZDExLTgxMjYtM2Y2ZWNlNGRjMDUzIGFybjphd3M6c3FzOnVzLWVhc3QtMTowMDAwMDAwMDAwMDA6dGVzdC1leHRlbmRpbmctc2luZ2xlLW1lc3NhZ2UgYWM2MDJmZTQtODA4Yi00MTM5LTgwNWQtZTZkYTE5NzAxM2RlIDE3MjcwODA5OTUuNTAwMTYz
queue test-extending-single-message now has 1 tasks inflight
Extended timeout to:Mon Sep 23 09:43:27 BST 2024 for:NjdmYjllMWUtMTRhNi00ZDExLTgxMjYtM2Y2ZWNlNGRjMDUzIGFybjphd3M6c3FzOnVzLWVhc3QtMTowMDAwMDAwMDAwMDA6dGVzdC1leHRlbmRpbmctc2luZ2xlLW1lc3NhZ2UgYWM2MDJmZTQtODA4Yi00MTM5LTgwNWQtZTZkYTE5NzAxM2RlIDE3MjcwODA5OTUuNTAwMTYz
Extended timeout to:Mon Sep 23 09:43:29 BST 2024 for:NjdmYjllMWUtMTRhNi00ZDExLTgxMjYtM2Y2ZWNlNGRjMDUzIGFybjphd3M6c3FzOnVzLWVhc3QtMTowMDAwMDAwMDAwMDA6dGVzdC1leHRlbmRpbmctc2luZ2xlLW1lc3NhZ2UgYWM2MDJmZTQtODA4Yi00MTM5LTgwNWQtZTZkYTE5NzAxM2RlIDE3MjcwODA5OTUuNTAwMTYz
Extended timeout to:Mon Sep 23 09:43:31 BST 2024 for:NjdmYjllMWUtMTRhNi00ZDExLTgxMjYtM2Y2ZWNlNGRjMDUzIGFybjphd3M6c3FzOnVzLWVhc3QtMTowMDAwMDAwMDAwMDA6dGVzdC1leHRlbmRpbmctc2luZ2xlLW1lc3NhZ2UgYWM2MDJmZTQtODA4Yi00MTM5LTgwNWQtZTZkYTE5NzAxM2RlIDE3MjcwODA5OTUuNTAwMTYz
Extended timeout to:Mon Sep 23 09:43:33 BST 2024 for:NjdmYjllMWUtMTRhNi00ZDExLTgxMjYtM2Y2ZWNlNGRjMDUzIGFybjphd3M6c3FzOnVzLWVhc3QtMTowMDAwMDAwMDAwMDA6dGVzdC1leHRlbmRpbmctc2luZ2xlLW1lc3NhZ2UgYWM2MDJmZTQtODA4Yi00MTM5LTgwNWQtZTZkYTE5NzAxM2RlIDE3MjcwODA5OTUuNTAwMTYz
Extended timeout to:Mon Sep 23 09:43:35 BST 2024 for:NjdmYjllMWUtMTRhNi00ZDExLTgxMjYtM2Y2ZWNlNGRjMDUzIGFybjphd3M6c3FzOnVzLWVhc3QtMTowMDAwMDAwMDAwMDA6dGVzdC1leHRlbmRpbmctc2luZ2xlLW1lc3NhZ2UgYWM2MDJmZTQtODA4Yi00MTM5LTgwNWQtZTZkYTE5NzAxM2RlIDE3MjcwODA5OTUuNTAwMTYz
]]></system-out>
  </testcase>
  <testcase name="testVisibilityTimeoutExtensionIsCancelled" classname="com.hpe.caf.worker.queue.sqs.VisibilityIT" time="11.059">
    <system-out><![CDATA[inputQueueInfo QueueInfo[name=stop-extend-visibility, url=http://sqs.us-east-1.localhost:4566/000000000000/stop-extend-visibility, arn=arn:aws:sqs:us-east-1:000000000000:stop-extend-visibility]
deadLetterQueueInfo QueueInfo[name=stop-extend-visibility-dlq, url=http://sqs.us-east-1.localhost:4566/000000000000/stop-extend-visibility-dlq, arn=arn:aws:sqs:us-east-1:000000000000:stop-extend-visibility-dlq]
Calculated receive batch size: 1
Received 1 messages from queue stop-extend-visibility 
[NTQ4MTFiOTgtODAwMi00ZGViLWEzYTctY2FhZDljZTIxMTczIGFybjphd3M6c3FzOnVzLWVhc3QtMTowMDAwMDAwMDAwMDA6c3RvcC1leHRlbmQtdmlzaWJpbGl0eSAwYzU5YzZhYS1hM2M2LTRlNDktOGFiNi0wN2ExNzFlN2Y2YjUgMTcyNzA4MTAwNS41NjU4MDQy]
Watching NTQ4MTFiOTgtODAwMi00ZGViLWEzYTctY2FhZDljZTIxMTczIGFybjphd3M6c3FzOnVzLWVhc3QtMTowMDAwMDAwMDAwMDA6c3RvcC1leHRlbmQtdmlzaWJpbGl0eSAwYzU5YzZhYS1hM2M2LTRlNDktOGFiNi0wN2ExNzFlN2Y2YjUgMTcyNzA4MTAwNS41NjU4MDQy
queue stop-extend-visibility now has 1 tasks inflight
About to unwatch discarded task NTQ4MTFiOTgtODAwMi00ZGViLWEzYTctY2FhZDljZTIxMTczIGFybjphd3M6c3FzOnVzLWVhc3QtMTowMDAwMDAwMDAwMDA6c3RvcC1leHRlbmQtdmlzaWJpbGl0eSAwYzU5YzZhYS1hM2M2LTRlNDktOGFiNi0wN2ExNzFlN2Y2YjUgMTcyNzA4MTAwNS41NjU4MDQy
Unwatched NTQ4MTFiOTgtODAwMi00ZGViLWEzYTctY2FhZDljZTIxMTczIGFybjphd3M6c3FzOnVzLWVhc3QtMTowMDAwMDAwMDAwMDA6c3RvcC1leHRlbmQtdmlzaWJpbGl0eSAwYzU5YzZhYS1hM2M2LTRlNDktOGFiNi0wN2ExNzFlN2Y2YjUgMTcyNzA4MTAwNS41NjU4MDQy
queue stop-extend-visibility now has 0 tasks inflight
Received 1 messages from queue stop-extend-visibility 
[ZWQzMTBmMmQtMjM4Zi00MDRjLWE2YjQtODZiOTZiMmFlNmFkIGFybjphd3M6c3FzOnVzLWVhc3QtMTowMDAwMDAwMDAwMDA6c3RvcC1leHRlbmQtdmlzaWJpbGl0eSAwYzU5YzZhYS1hM2M2LTRlNDktOGFiNi0wN2ExNzFlN2Y2YjUgMTcyNzA4MTAxMS41NjMxODI2]
Watching ZWQzMTBmMmQtMjM4Zi00MDRjLWE2YjQtODZiOTZiMmFlNmFkIGFybjphd3M6c3FzOnVzLWVhc3QtMTowMDAwMDAwMDAwMDA6c3RvcC1leHRlbmQtdmlzaWJpbGl0eSAwYzU5YzZhYS1hM2M2LTRlNDktOGFiNi0wN2ExNzFlN2Y2YjUgMTcyNzA4MTAxMS41NjMxODI2
queue stop-extend-visibility now has 1 tasks inflight
Extended timeout to:Mon Sep 23 09:43:43 BST 2024 for:ZWQzMTBmMmQtMjM4Zi00MDRjLWE2YjQtODZiOTZiMmFlNmFkIGFybjphd3M6c3FzOnVzLWVhc3QtMTowMDAwMDAwMDAwMDA6c3RvcC1leHRlbmQtdmlzaWJpbGl0eSAwYzU5YzZhYS1hM2M2LTRlNDktOGFiNi0wN2ExNzFlN2Y2YjUgMTcyNzA4MTAxMS41NjMxODI2
Extended timeout to:Mon Sep 23 09:43:45 BST 2024 for:ZWQzMTBmMmQtMjM4Zi00MDRjLWE2YjQtODZiOTZiMmFlNmFkIGFybjphd3M6c3FzOnVzLWVhc3QtMTowMDAwMDAwMDAwMDA6c3RvcC1leHRlbmQtdmlzaWJpbGl0eSAwYzU5YzZhYS1hM2M2LTRlNDktOGFiNi0wN2ExNzFlN2Y2YjUgMTcyNzA4MTAxMS41NjMxODI2
]]></system-out>
  </testcase>
</testsuite>